<?xml version="1.0" encoding="utf-8"?>
<coverage line-rate="0.7807" branch-rate="0.575" version="1.9" timestamp="1769454083" lines-covered="349" lines-valid="447" branches-covered="115" branches-valid="200">
  <sources>
    <source>/Users/georgewall/RiderProjects/NotifyGen/src/</source>
  </sources>
  <packages>
    <package name="NotifyGen.Attributes" line-rate="0" branch-rate="0" complexity="8">
      <classes>
        <class name="NotifyGen.NotifyAlsoAttribute" filename="NotifyGen.Attributes/NotifyAlsoAttribute.cs" line-rate="0" branch-rate="0" complexity="3">
          <methods>
            <method name="get_PropertyName" signature="()" line-rate="0" branch-rate="1" complexity="1">
              <lines>
                <line number="21" hits="0" branch="False" />
              </lines>
            </method>
            <method name=".ctor" signature="(System.String)" line-rate="0" branch-rate="0" complexity="2">
              <lines>
                <line number="27" hits="0" branch="False" />
                <line number="28" hits="0" branch="False" />
                <line number="29" hits="0" branch="True" condition-coverage="0% (0/2)">
                  <conditions>
                    <condition number="11" type="jump" coverage="0%" />
                  </conditions>
                </line>
                <line number="30" hits="0" branch="False" />
              </lines>
            </method>
          </methods>
          <lines>
            <line number="21" hits="0" branch="False" />
            <line number="27" hits="0" branch="False" />
            <line number="28" hits="0" branch="False" />
            <line number="29" hits="0" branch="True" condition-coverage="0% (0/2)">
              <conditions>
                <condition number="11" type="jump" coverage="0%" />
              </conditions>
            </line>
            <line number="30" hits="0" branch="False" />
          </lines>
        </class>
        <class name="NotifyGen.NotifyNameAttribute" filename="NotifyGen.Attributes/NotifyNameAttribute.cs" line-rate="0" branch-rate="0" complexity="3">
          <methods>
            <method name="get_Name" signature="()" line-rate="0" branch-rate="1" complexity="1">
              <lines>
                <line number="21" hits="0" branch="False" />
              </lines>
            </method>
            <method name=".ctor" signature="(System.String)" line-rate="0" branch-rate="0" complexity="2">
              <lines>
                <line number="27" hits="0" branch="False" />
                <line number="28" hits="0" branch="False" />
                <line number="29" hits="0" branch="True" condition-coverage="0% (0/2)">
                  <conditions>
                    <condition number="16" type="jump" coverage="0%" />
                  </conditions>
                </line>
                <line number="30" hits="0" branch="False" />
                <line number="31" hits="0" branch="False" />
                <line number="32" hits="0" branch="False" />
              </lines>
            </method>
          </methods>
          <lines>
            <line number="21" hits="0" branch="False" />
            <line number="27" hits="0" branch="False" />
            <line number="28" hits="0" branch="False" />
            <line number="29" hits="0" branch="True" condition-coverage="0% (0/2)">
              <conditions>
                <condition number="16" type="jump" coverage="0%" />
              </conditions>
            </line>
            <line number="30" hits="0" branch="False" />
            <line number="31" hits="0" branch="False" />
            <line number="32" hits="0" branch="False" />
          </lines>
        </class>
        <class name="NotifyGen.NotifySetterAttribute" filename="NotifyGen.Attributes/NotifySetterAttribute.cs" line-rate="0" branch-rate="1" complexity="2">
          <methods>
            <method name="get_Access" signature="()" line-rate="0" branch-rate="1" complexity="1">
              <lines>
                <line number="21" hits="0" branch="False" />
              </lines>
            </method>
            <method name=".ctor" signature="(NotifyGen.AccessLevel)" line-rate="0" branch-rate="1" complexity="1">
              <lines>
                <line number="27" hits="0" branch="False" />
                <line number="28" hits="0" branch="False" />
                <line number="29" hits="0" branch="False" />
                <line number="30" hits="0" branch="False" />
              </lines>
            </method>
          </methods>
          <lines>
            <line number="21" hits="0" branch="False" />
            <line number="27" hits="0" branch="False" />
            <line number="28" hits="0" branch="False" />
            <line number="29" hits="0" branch="False" />
            <line number="30" hits="0" branch="False" />
          </lines>
        </class>
      </classes>
    </package>
    <package name="NotifyGen.Generator" line-rate="0.8116" branch-rate="0.5867" complexity="219">
      <classes>
        <class name="NotifyGen.Generator.ClassInfo" filename="NotifyGen.Generator/ClassInfo.cs" line-rate="0.3333" branch-rate="0" complexity="31">
          <methods>
            <method name="get_Namespace" signature="()" line-rate="1" branch-rate="1" complexity="1">
              <lines>
                <line number="15" hits="37" branch="False" />
              </lines>
            </method>
            <method name="get_ClassName" signature="()" line-rate="1" branch-rate="1" complexity="1">
              <lines>
                <line number="20" hits="38" branch="False" />
              </lines>
            </method>
            <method name="get_TypeParameters" signature="()" line-rate="1" branch-rate="1" complexity="1">
              <lines>
                <line number="25" hits="19" branch="False" />
              </lines>
            </method>
            <method name="get_Accessibility" signature="()" line-rate="1" branch-rate="1" complexity="1">
              <lines>
                <line number="30" hits="19" branch="False" />
              </lines>
            </method>
            <method name="get_AlreadyImplementsInpc" signature="()" line-rate="1" branch-rate="1" complexity="1">
              <lines>
                <line number="35" hits="57" branch="False" />
              </lines>
            </method>
            <method name="get_Fields" signature="()" line-rate="1" branch-rate="1" complexity="1">
              <lines>
                <line number="40" hits="58" branch="False" />
              </lines>
            </method>
            <method name="Equals" signature="(NotifyGen.Generator.ClassInfo)" line-rate="0" branch-rate="0" complexity="10">
              <lines>
                <line number="59" hits="0" branch="False" />
                <line number="60" hits="0" branch="True" condition-coverage="0% (0/10)">
                  <conditions>
                    <condition number="19" type="jump" coverage="0%" />
                    <condition number="39" type="jump" coverage="0%" />
                    <condition number="59" type="jump" coverage="0%" />
                    <condition number="79" type="jump" coverage="0%" />
                    <condition number="94" type="jump" coverage="0%" />
                  </conditions>
                </line>
                <line number="61" hits="0" branch="False" />
                <line number="62" hits="0" branch="False" />
                <line number="63" hits="0" branch="False" />
                <line number="64" hits="0" branch="False" />
                <line number="65" hits="0" branch="False" />
                <line number="66" hits="0" branch="False" />
              </lines>
            </method>
            <method name="Equals" signature="(System.Object)" line-rate="0" branch-rate="0" complexity="2">
              <lines>
                <line number="69" hits="0" branch="False" />
                <line number="70" hits="0" branch="True" condition-coverage="0% (0/2)">
                  <conditions>
                    <condition number="7" type="jump" coverage="0%" />
                  </conditions>
                </line>
                <line number="71" hits="0" branch="False" />
              </lines>
            </method>
            <method name="GetHashCode" signature="()" line-rate="0" branch-rate="0" complexity="10">
              <lines>
                <line number="74" hits="0" branch="False" />
                <line number="76" hits="0" branch="False" />
                <line number="77" hits="0" branch="False" />
                <line number="78" hits="0" branch="True" condition-coverage="0% (0/2)">
                  <conditions>
                    <condition number="16" type="jump" coverage="0%" />
                  </conditions>
                </line>
                <line number="79" hits="0" branch="True" condition-coverage="0% (0/2)">
                  <conditions>
                    <condition number="40" type="jump" coverage="0%" />
                  </conditions>
                </line>
                <line number="80" hits="0" branch="True" condition-coverage="0% (0/2)">
                  <conditions>
                    <condition number="64" type="jump" coverage="0%" />
                  </conditions>
                </line>
                <line number="81" hits="0" branch="True" condition-coverage="0% (0/2)">
                  <conditions>
                    <condition number="88" type="jump" coverage="0%" />
                  </conditions>
                </line>
                <line number="82" hits="0" branch="False" />
                <line number="83" hits="0" branch="False" />
                <line number="86" hits="0" branch="True" condition-coverage="0% (0/2)">
                  <conditions>
                    <condition number="160" type="jump" coverage="0%" />
                  </conditions>
                </line>
                <line number="87" hits="0" branch="False" />
                <line number="88" hits="0" branch="False" />
                <line number="89" hits="0" branch="False" />
                <line number="91" hits="0" branch="False" />
                <line number="93" hits="0" branch="False" />
              </lines>
            </method>
            <method name="op_Equality" signature="(NotifyGen.Generator.ClassInfo,NotifyGen.Generator.ClassInfo)" line-rate="0" branch-rate="1" complexity="1">
              <lines>
                <line number="95" hits="0" branch="False" />
              </lines>
            </method>
            <method name="op_Inequality" signature="(NotifyGen.Generator.ClassInfo,NotifyGen.Generator.ClassInfo)" line-rate="0" branch-rate="1" complexity="1">
              <lines>
                <line number="96" hits="0" branch="False" />
              </lines>
            </method>
            <method name=".ctor" signature="(System.String,System.String,System.String,System.String,System.Boolean,System.Collections.Immutable.ImmutableArray`1&lt;NotifyGen.Generator.FieldInfo&gt;)" line-rate="1" branch-rate="1" complexity="1">
              <lines>
                <line number="49" hits="20" branch="False" />
                <line number="50" hits="20" branch="False" />
                <line number="51" hits="20" branch="False" />
                <line number="52" hits="20" branch="False" />
                <line number="53" hits="20" branch="False" />
                <line number="54" hits="20" branch="False" />
                <line number="55" hits="20" branch="False" />
                <line number="56" hits="20" branch="False" />
              </lines>
            </method>
          </methods>
          <lines>
            <line number="15" hits="37" branch="False" />
            <line number="20" hits="38" branch="False" />
            <line number="25" hits="19" branch="False" />
            <line number="30" hits="19" branch="False" />
            <line number="35" hits="57" branch="False" />
            <line number="40" hits="58" branch="False" />
            <line number="59" hits="0" branch="False" />
            <line number="60" hits="0" branch="True" condition-coverage="0% (0/10)">
              <conditions>
                <condition number="19" type="jump" coverage="0%" />
                <condition number="39" type="jump" coverage="0%" />
                <condition number="59" type="jump" coverage="0%" />
                <condition number="79" type="jump" coverage="0%" />
                <condition number="94" type="jump" coverage="0%" />
              </conditions>
            </line>
            <line number="61" hits="0" branch="False" />
            <line number="62" hits="0" branch="False" />
            <line number="63" hits="0" branch="False" />
            <line number="64" hits="0" branch="False" />
            <line number="65" hits="0" branch="False" />
            <line number="66" hits="0" branch="False" />
            <line number="69" hits="0" branch="False" />
            <line number="70" hits="0" branch="True" condition-coverage="0% (0/2)">
              <conditions>
                <condition number="7" type="jump" coverage="0%" />
              </conditions>
            </line>
            <line number="71" hits="0" branch="False" />
            <line number="74" hits="0" branch="False" />
            <line number="76" hits="0" branch="False" />
            <line number="77" hits="0" branch="False" />
            <line number="78" hits="0" branch="True" condition-coverage="0% (0/2)">
              <conditions>
                <condition number="16" type="jump" coverage="0%" />
              </conditions>
            </line>
            <line number="79" hits="0" branch="True" condition-coverage="0% (0/2)">
              <conditions>
                <condition number="40" type="jump" coverage="0%" />
              </conditions>
            </line>
            <line number="80" hits="0" branch="True" condition-coverage="0% (0/2)">
              <conditions>
                <condition number="64" type="jump" coverage="0%" />
              </conditions>
            </line>
            <line number="81" hits="0" branch="True" condition-coverage="0% (0/2)">
              <conditions>
                <condition number="88" type="jump" coverage="0%" />
              </conditions>
            </line>
            <line number="82" hits="0" branch="False" />
            <line number="83" hits="0" branch="False" />
            <line number="86" hits="0" branch="True" condition-coverage="0% (0/2)">
              <conditions>
                <condition number="160" type="jump" coverage="0%" />
              </conditions>
            </line>
            <line number="87" hits="0" branch="False" />
            <line number="88" hits="0" branch="False" />
            <line number="89" hits="0" branch="False" />
            <line number="91" hits="0" branch="False" />
            <line number="93" hits="0" branch="False" />
            <line number="95" hits="0" branch="False" />
            <line number="96" hits="0" branch="False" />
            <line number="49" hits="20" branch="False" />
            <line number="50" hits="20" branch="False" />
            <line number="51" hits="20" branch="False" />
            <line number="52" hits="20" branch="False" />
            <line number="53" hits="20" branch="False" />
            <line number="54" hits="20" branch="False" />
            <line number="55" hits="20" branch="False" />
            <line number="56" hits="20" branch="False" />
          </lines>
        </class>
        <class name="NotifyGen.Generator.DiagnosticDescriptors" filename="NotifyGen.Generator/DiagnosticDescriptors.cs" line-rate="1" branch-rate="1" complexity="1">
          <methods>
            <method name=".cctor" signature="()" line-rate="1" branch-rate="1" complexity="1">
              <lines>
                <line number="13" hits="1" branch="False" />
                <line number="14" hits="1" branch="False" />
                <line number="15" hits="1" branch="False" />
                <line number="16" hits="1" branch="False" />
                <line number="17" hits="1" branch="False" />
                <line number="18" hits="1" branch="False" />
                <line number="19" hits="1" branch="False" />
                <line number="20" hits="1" branch="False" />
                <line number="25" hits="1" branch="False" />
                <line number="26" hits="1" branch="False" />
                <line number="27" hits="1" branch="False" />
                <line number="28" hits="1" branch="False" />
                <line number="29" hits="1" branch="False" />
                <line number="30" hits="1" branch="False" />
                <line number="31" hits="1" branch="False" />
                <line number="32" hits="1" branch="False" />
                <line number="37" hits="1" branch="False" />
                <line number="38" hits="1" branch="False" />
                <line number="39" hits="1" branch="False" />
                <line number="40" hits="1" branch="False" />
                <line number="41" hits="1" branch="False" />
                <line number="42" hits="1" branch="False" />
                <line number="43" hits="1" branch="False" />
                <line number="44" hits="1" branch="False" />
              </lines>
            </method>
          </methods>
          <lines>
            <line number="13" hits="1" branch="False" />
            <line number="14" hits="1" branch="False" />
            <line number="15" hits="1" branch="False" />
            <line number="16" hits="1" branch="False" />
            <line number="17" hits="1" branch="False" />
            <line number="18" hits="1" branch="False" />
            <line number="19" hits="1" branch="False" />
            <line number="20" hits="1" branch="False" />
            <line number="25" hits="1" branch="False" />
            <line number="26" hits="1" branch="False" />
            <line number="27" hits="1" branch="False" />
            <line number="28" hits="1" branch="False" />
            <line number="29" hits="1" branch="False" />
            <line number="30" hits="1" branch="False" />
            <line number="31" hits="1" branch="False" />
            <line number="32" hits="1" branch="False" />
            <line number="37" hits="1" branch="False" />
            <line number="38" hits="1" branch="False" />
            <line number="39" hits="1" branch="False" />
            <line number="40" hits="1" branch="False" />
            <line number="41" hits="1" branch="False" />
            <line number="42" hits="1" branch="False" />
            <line number="43" hits="1" branch="False" />
            <line number="44" hits="1" branch="False" />
          </lines>
        </class>
        <class name="NotifyGen.Generator.FieldInfo" filename="NotifyGen.Generator/FieldInfo.cs" line-rate="0.3095" branch-rate="0" complexity="33">
          <methods>
            <method name="get_FieldName" signature="()" line-rate="1" branch-rate="1" complexity="1">
              <lines>
                <line number="15" hits="120" branch="False" />
              </lines>
            </method>
            <method name="get_PropertyName" signature="()" line-rate="1" branch-rate="1" complexity="1">
              <lines>
                <line number="20" hits="150" branch="False" />
              </lines>
            </method>
            <method name="get_TypeName" signature="()" line-rate="1" branch-rate="1" complexity="1">
              <lines>
                <line number="25" hits="120" branch="False" />
              </lines>
            </method>
            <method name="get_IsNullable" signature="()" line-rate="0" branch-rate="1" complexity="1">
              <lines>
                <line number="30" hits="0" branch="False" />
              </lines>
            </method>
            <method name="get_AlsoNotify" signature="()" line-rate="1" branch-rate="1" complexity="1">
              <lines>
                <line number="35" hits="30" branch="False" />
              </lines>
            </method>
            <method name="get_SetterAccess" signature="()" line-rate="1" branch-rate="1" complexity="1">
              <lines>
                <line number="41" hits="32" branch="False" />
              </lines>
            </method>
            <method name="Equals" signature="(NotifyGen.Generator.FieldInfo)" line-rate="0" branch-rate="0" complexity="10">
              <lines>
                <line number="60" hits="0" branch="False" />
                <line number="61" hits="0" branch="True" condition-coverage="0% (0/10)">
                  <conditions>
                    <condition number="19" type="jump" coverage="0%" />
                    <condition number="39" type="jump" coverage="0%" />
                    <condition number="59" type="jump" coverage="0%" />
                    <condition number="74" type="jump" coverage="0%" />
                    <condition number="94" type="jump" coverage="0%" />
                  </conditions>
                </line>
                <line number="62" hits="0" branch="False" />
                <line number="63" hits="0" branch="False" />
                <line number="64" hits="0" branch="False" />
                <line number="65" hits="0" branch="False" />
                <line number="66" hits="0" branch="False" />
                <line number="67" hits="0" branch="False" />
              </lines>
            </method>
            <method name="Equals" signature="(System.Object)" line-rate="0" branch-rate="0" complexity="2">
              <lines>
                <line number="70" hits="0" branch="False" />
                <line number="71" hits="0" branch="True" condition-coverage="0% (0/2)">
                  <conditions>
                    <condition number="7" type="jump" coverage="0%" />
                  </conditions>
                </line>
                <line number="72" hits="0" branch="False" />
              </lines>
            </method>
            <method name="GetHashCode" signature="()" line-rate="0" branch-rate="0" complexity="12">
              <lines>
                <line number="75" hits="0" branch="False" />
                <line number="77" hits="0" branch="False" />
                <line number="78" hits="0" branch="False" />
                <line number="79" hits="0" branch="True" condition-coverage="0% (0/2)">
                  <conditions>
                    <condition number="16" type="jump" coverage="0%" />
                  </conditions>
                </line>
                <line number="80" hits="0" branch="True" condition-coverage="0% (0/2)">
                  <conditions>
                    <condition number="40" type="jump" coverage="0%" />
                  </conditions>
                </line>
                <line number="81" hits="0" branch="True" condition-coverage="0% (0/2)">
                  <conditions>
                    <condition number="64" type="jump" coverage="0%" />
                  </conditions>
                </line>
                <line number="82" hits="0" branch="False" />
                <line number="83" hits="0" branch="True" condition-coverage="0% (0/2)">
                  <conditions>
                    <condition number="108" type="jump" coverage="0%" />
                  </conditions>
                </line>
                <line number="84" hits="0" branch="False" />
                <line number="87" hits="0" branch="True" condition-coverage="0% (0/2)">
                  <conditions>
                    <condition number="160" type="jump" coverage="0%" />
                  </conditions>
                </line>
                <line number="88" hits="0" branch="False" />
                <line number="89" hits="0" branch="True" condition-coverage="0% (0/2)">
                  <conditions>
                    <condition number="183" type="jump" coverage="0%" />
                  </conditions>
                </line>
                <line number="90" hits="0" branch="False" />
                <line number="92" hits="0" branch="False" />
                <line number="94" hits="0" branch="False" />
              </lines>
            </method>
            <method name="op_Equality" signature="(NotifyGen.Generator.FieldInfo,NotifyGen.Generator.FieldInfo)" line-rate="0" branch-rate="1" complexity="1">
              <lines>
                <line number="96" hits="0" branch="False" />
              </lines>
            </method>
            <method name="op_Inequality" signature="(NotifyGen.Generator.FieldInfo,NotifyGen.Generator.FieldInfo)" line-rate="0" branch-rate="1" complexity="1">
              <lines>
                <line number="97" hits="0" branch="False" />
              </lines>
            </method>
            <method name=".ctor" signature="(System.String,System.String,System.String,System.Boolean,System.Collections.Immutable.ImmutableArray`1&lt;System.String&gt;,System.String)" line-rate="1" branch-rate="1" complexity="1">
              <lines>
                <line number="50" hits="30" branch="False" />
                <line number="51" hits="30" branch="False" />
                <line number="52" hits="30" branch="False" />
                <line number="53" hits="30" branch="False" />
                <line number="54" hits="30" branch="False" />
                <line number="55" hits="30" branch="False" />
                <line number="56" hits="30" branch="False" />
                <line number="57" hits="30" branch="False" />
              </lines>
            </method>
          </methods>
          <lines>
            <line number="15" hits="120" branch="False" />
            <line number="20" hits="150" branch="False" />
            <line number="25" hits="120" branch="False" />
            <line number="30" hits="0" branch="False" />
            <line number="35" hits="30" branch="False" />
            <line number="41" hits="32" branch="False" />
            <line number="60" hits="0" branch="False" />
            <line number="61" hits="0" branch="True" condition-coverage="0% (0/10)">
              <conditions>
                <condition number="19" type="jump" coverage="0%" />
                <condition number="39" type="jump" coverage="0%" />
                <condition number="59" type="jump" coverage="0%" />
                <condition number="74" type="jump" coverage="0%" />
                <condition number="94" type="jump" coverage="0%" />
              </conditions>
            </line>
            <line number="62" hits="0" branch="False" />
            <line number="63" hits="0" branch="False" />
            <line number="64" hits="0" branch="False" />
            <line number="65" hits="0" branch="False" />
            <line number="66" hits="0" branch="False" />
            <line number="67" hits="0" branch="False" />
            <line number="70" hits="0" branch="False" />
            <line number="71" hits="0" branch="True" condition-coverage="0% (0/2)">
              <conditions>
                <condition number="7" type="jump" coverage="0%" />
              </conditions>
            </line>
            <line number="72" hits="0" branch="False" />
            <line number="75" hits="0" branch="False" />
            <line number="77" hits="0" branch="False" />
            <line number="78" hits="0" branch="False" />
            <line number="79" hits="0" branch="True" condition-coverage="0% (0/2)">
              <conditions>
                <condition number="16" type="jump" coverage="0%" />
              </conditions>
            </line>
            <line number="80" hits="0" branch="True" condition-coverage="0% (0/2)">
              <conditions>
                <condition number="40" type="jump" coverage="0%" />
              </conditions>
            </line>
            <line number="81" hits="0" branch="True" condition-coverage="0% (0/2)">
              <conditions>
                <condition number="64" type="jump" coverage="0%" />
              </conditions>
            </line>
            <line number="82" hits="0" branch="False" />
            <line number="83" hits="0" branch="True" condition-coverage="0% (0/2)">
              <conditions>
                <condition number="108" type="jump" coverage="0%" />
              </conditions>
            </line>
            <line number="84" hits="0" branch="False" />
            <line number="87" hits="0" branch="True" condition-coverage="0% (0/2)">
              <conditions>
                <condition number="160" type="jump" coverage="0%" />
              </conditions>
            </line>
            <line number="88" hits="0" branch="False" />
            <line number="89" hits="0" branch="True" condition-coverage="0% (0/2)">
              <conditions>
                <condition number="183" type="jump" coverage="0%" />
              </conditions>
            </line>
            <line number="90" hits="0" branch="False" />
            <line number="92" hits="0" branch="False" />
            <line number="94" hits="0" branch="False" />
            <line number="96" hits="0" branch="False" />
            <line number="97" hits="0" branch="False" />
            <line number="50" hits="30" branch="False" />
            <line number="51" hits="30" branch="False" />
            <line number="52" hits="30" branch="False" />
            <line number="53" hits="30" branch="False" />
            <line number="54" hits="30" branch="False" />
            <line number="55" hits="30" branch="False" />
            <line number="56" hits="30" branch="False" />
            <line number="57" hits="30" branch="False" />
          </lines>
        </class>
        <class name="NotifyGen.Generator.NotifyAnalyzer" filename="NotifyGen.Generator/NotifyAnalyzer.cs" line-rate="0.927" branch-rate="0.7692" complexity="53">
          <methods>
            <method name="get_SupportedDiagnostics" signature="()" line-rate="1" branch-rate="1" complexity="1">
              <lines>
                <line number="22" hits="15" branch="False" />
                <line number="23" hits="15" branch="False" />
                <line number="24" hits="15" branch="False" />
                <line number="25" hits="15" branch="False" />
              </lines>
            </method>
            <method name="Initialize" signature="(Microsoft.CodeAnalysis.Diagnostics.AnalysisContext)" line-rate="1" branch-rate="1" complexity="2">
              <lines>
                <line number="28" hits="15" branch="False" />
                <line number="29" hits="15" branch="False" />
                <line number="30" hits="15" branch="False" />
                <line number="32" hits="15" branch="True" condition-coverage="100% (2/2)">
                  <conditions>
                    <condition number="23" type="jump" coverage="100%" />
                  </conditions>
                </line>
                <line number="33" hits="15" branch="False" />
              </lines>
            </method>
            <method name="AnalyzeClass" signature="(Microsoft.CodeAnalysis.Diagnostics.SyntaxNodeAnalysisContext)" line-rate="0.9428" branch-rate="0.8887999999999999" complexity="18">
              <lines>
                <line number="36" hits="15" branch="False" />
                <line number="37" hits="15" branch="False" />
                <line number="40" hits="15" branch="True" condition-coverage="100% (2/2)">
                  <conditions>
                    <condition number="46" type="jump" coverage="100%" />
                  </conditions>
                </line>
                <line number="41" hits="15" branch="False" />
                <line number="42" hits="0" branch="False" />
                <line number="45" hits="15" branch="False" />
                <line number="46" hits="30" branch="True" condition-coverage="50% (1/2)">
                  <conditions>
                    <condition number="7" type="jump" coverage="50%" />
                  </conditions>
                </line>
                <line number="48" hits="15" branch="True" condition-coverage="100% (2/2)">
                  <conditions>
                    <condition number="104" type="jump" coverage="100%" />
                  </conditions>
                </line>
                <line number="49" hits="0" branch="False" />
                <line number="52" hits="15" branch="False" />
                <line number="54" hits="15" branch="True" condition-coverage="100% (2/2)">
                  <conditions>
                    <condition number="136" type="jump" coverage="100%" />
                  </conditions>
                </line>
                <line number="55" hits="9" branch="False" />
                <line number="56" hits="9" branch="False" />
                <line number="57" hits="9" branch="False" />
                <line number="58" hits="9" branch="False" />
                <line number="59" hits="9" branch="False" />
                <line number="60" hits="9" branch="False" />
                <line number="61" hits="9" branch="False" />
                <line number="65" hits="6" branch="False" />
                <line number="66" hits="6" branch="False" />
                <line number="67" hits="12" branch="True" condition-coverage="100% (6/6)">
                  <conditions>
                    <condition number="7" type="jump" coverage="100%" />
                    <condition number="25" type="jump" coverage="100%" />
                    <condition number="39" type="jump" coverage="100%" />
                  </conditions>
                </line>
                <line number="68" hits="12" branch="False" />
                <line number="69" hits="12" branch="False" />
                <line number="70" hits="12" branch="False" />
                <line number="71" hits="18" branch="True" condition-coverage="50% (1/2)">
                  <conditions>
                    <condition number="7" type="jump" coverage="50%" />
                  </conditions>
                </line>
                <line number="73" hits="6" branch="True" condition-coverage="100% (2/2)">
                  <conditions>
                    <condition number="255" type="jump" coverage="100%" />
                  </conditions>
                </line>
                <line number="74" hits="1" branch="False" />
                <line number="75" hits="1" branch="False" />
                <line number="76" hits="1" branch="False" />
                <line number="77" hits="1" branch="False" />
                <line number="78" hits="1" branch="False" />
                <line number="79" hits="1" branch="False" />
                <line number="80" hits="1" branch="False" />
                <line number="83" hits="6" branch="False" />
                <line number="84" hits="15" branch="False" />
              </lines>
            </method>
            <method name="AnalyzeNotifyAlsoReferences" signature="(Microsoft.CodeAnalysis.Diagnostics.SyntaxNodeAnalysisContext,Microsoft.CodeAnalysis.INamedTypeSymbol)" line-rate="0.9767" branch-rate="0.8332999999999999" complexity="24">
              <lines>
                <line number="87" hits="6" branch="False" />
                <line number="89" hits="6" branch="False" />
                <line number="90" hits="6" branch="False" />
                <line number="91" hits="2" branch="False" />
                <line number="92" hits="6" branch="False" />
                <line number="95" hits="6" branch="False" />
                <line number="96" hits="6" branch="False" />
                <line number="97" hits="8" branch="True" condition-coverage="100% (6/6)">
                  <conditions>
                    <condition number="7" type="jump" coverage="100%" />
                    <condition number="25" type="jump" coverage="100%" />
                    <condition number="39" type="jump" coverage="100%" />
                  </conditions>
                </line>
                <line number="98" hits="8" branch="False" />
                <line number="99" hits="8" branch="False" />
                <line number="100" hits="8" branch="False" />
                <line number="101" hits="14" branch="True" condition-coverage="50% (1/2)">
                  <conditions>
                    <condition number="7" type="jump" coverage="50%" />
                  </conditions>
                </line>
                <line number="102" hits="6" branch="False" />
                <line number="103" hits="7" branch="False" />
                <line number="104" hits="7" branch="False" />
                <line number="105" hits="13" branch="True" condition-coverage="50% (1/2)">
                  <conditions>
                    <condition number="7" type="jump" coverage="50%" />
                  </conditions>
                </line>
                <line number="106" hits="7" branch="True" condition-coverage="75% (3/4)">
                  <conditions>
                    <condition number="45" type="jump" coverage="50%" />
                    <condition number="75" type="jump" coverage="100%" />
                  </conditions>
                </line>
                <line number="107" hits="7" branch="False" />
                <line number="108" hits="7" branch="False" />
                <line number="109" hits="6" branch="False" />
                <line number="111" hits="6" branch="False" />
                <line number="114" hits="34" branch="True" condition-coverage="100% (2/2)">
                  <conditions>
                    <condition number="425" type="jump" coverage="100%" />
                  </conditions>
                </line>
                <line number="115" hits="8" branch="False" />
                <line number="116" hits="8" branch="False" />
                <line number="117" hits="14" branch="True" condition-coverage="50% (1/2)">
                  <conditions>
                    <condition number="7" type="jump" coverage="50%" />
                  </conditions>
                </line>
                <line number="119" hits="36" branch="True" condition-coverage="100% (2/2)">
                  <conditions>
                    <condition number="397" type="jump" coverage="100%" />
                  </conditions>
                </line>
                <line number="120" hits="6" branch="False" />
                <line number="121" hits="6" branch="False" />
                <line number="122" hits="6" branch="True" condition-coverage="100% (2/2)">
                  <conditions>
                    <condition number="303" type="jump" coverage="100%" />
                  </conditions>
                </line>
                <line number="123" hits="0" branch="False" />
                <line number="125" hits="6" branch="True" condition-coverage="100% (2/2)">
                  <conditions>
                    <condition number="322" type="jump" coverage="100%" />
                  </conditions>
                </line>
                <line number="126" hits="2" branch="False" />
                <line number="128" hits="2" branch="False" />
                <line number="130" hits="2" branch="False" />
                <line number="131" hits="2" branch="False" />
                <line number="132" hits="2" branch="False" />
                <line number="133" hits="2" branch="False" />
                <line number="134" hits="2" branch="False" />
                <line number="135" hits="2" branch="False" />
                <line number="136" hits="2" branch="False" />
                <line number="137" hits="6" branch="False" />
                <line number="138" hits="8" branch="False" />
                <line number="139" hits="6" branch="False" />
              </lines>
            </method>
            <method name="GetAttributeLocation" signature="(Microsoft.CodeAnalysis.IFieldSymbol,Microsoft.CodeAnalysis.AttributeData,System.Threading.CancellationToken)" line-rate="0.5555" branch-rate="0.25" complexity="8">
              <lines>
                <line number="142" hits="2" branch="False" />
                <line number="144" hits="2" branch="True" condition-coverage="50% (2/4)">
                  <conditions>
                    <condition number="8" type="jump" coverage="50%" />
                    <condition number="27" type="jump" coverage="50%" />
                  </conditions>
                </line>
                <line number="145" hits="2" branch="False" />
                <line number="146" hits="2" branch="False" />
                <line number="150" hits="0" branch="True" condition-coverage="0% (0/4)">
                  <conditions>
                    <condition number="51" type="jump" coverage="0%" />
                    <condition number="72" type="jump" coverage="0%" />
                  </conditions>
                </line>
                <line number="151" hits="0" branch="False" />
                <line number="152" hits="0" branch="False" />
                <line number="155" hits="0" branch="False" />
                <line number="156" hits="2" branch="False" />
              </lines>
            </method>
          </methods>
          <lines>
            <line number="22" hits="15" branch="False" />
            <line number="23" hits="15" branch="False" />
            <line number="24" hits="15" branch="False" />
            <line number="25" hits="15" branch="False" />
            <line number="28" hits="15" branch="False" />
            <line number="29" hits="15" branch="False" />
            <line number="30" hits="15" branch="False" />
            <line number="32" hits="15" branch="True" condition-coverage="100% (2/2)">
              <conditions>
                <condition number="23" type="jump" coverage="100%" />
              </conditions>
            </line>
            <line number="33" hits="15" branch="False" />
            <line number="36" hits="15" branch="False" />
            <line number="37" hits="15" branch="False" />
            <line number="40" hits="15" branch="True" condition-coverage="100% (2/2)">
              <conditions>
                <condition number="46" type="jump" coverage="100%" />
              </conditions>
            </line>
            <line number="41" hits="15" branch="False" />
            <line number="42" hits="0" branch="False" />
            <line number="45" hits="15" branch="False" />
            <line number="46" hits="30" branch="True" condition-coverage="50% (1/2)">
              <conditions>
                <condition number="7" type="jump" coverage="50%" />
              </conditions>
            </line>
            <line number="48" hits="15" branch="True" condition-coverage="100% (2/2)">
              <conditions>
                <condition number="104" type="jump" coverage="100%" />
              </conditions>
            </line>
            <line number="49" hits="0" branch="False" />
            <line number="52" hits="15" branch="False" />
            <line number="54" hits="15" branch="True" condition-coverage="100% (2/2)">
              <conditions>
                <condition number="136" type="jump" coverage="100%" />
              </conditions>
            </line>
            <line number="55" hits="9" branch="False" />
            <line number="56" hits="9" branch="False" />
            <line number="57" hits="9" branch="False" />
            <line number="58" hits="9" branch="False" />
            <line number="59" hits="9" branch="False" />
            <line number="60" hits="9" branch="False" />
            <line number="61" hits="9" branch="False" />
            <line number="65" hits="6" branch="False" />
            <line number="66" hits="6" branch="False" />
            <line number="67" hits="12" branch="True" condition-coverage="100% (6/6)">
              <conditions>
                <condition number="7" type="jump" coverage="100%" />
                <condition number="25" type="jump" coverage="100%" />
                <condition number="39" type="jump" coverage="100%" />
              </conditions>
            </line>
            <line number="68" hits="12" branch="False" />
            <line number="69" hits="12" branch="False" />
            <line number="70" hits="12" branch="False" />
            <line number="71" hits="18" branch="True" condition-coverage="50% (1/2)">
              <conditions>
                <condition number="7" type="jump" coverage="50%" />
              </conditions>
            </line>
            <line number="73" hits="6" branch="True" condition-coverage="100% (2/2)">
              <conditions>
                <condition number="255" type="jump" coverage="100%" />
              </conditions>
            </line>
            <line number="74" hits="1" branch="False" />
            <line number="75" hits="1" branch="False" />
            <line number="76" hits="1" branch="False" />
            <line number="77" hits="1" branch="False" />
            <line number="78" hits="1" branch="False" />
            <line number="79" hits="1" branch="False" />
            <line number="80" hits="1" branch="False" />
            <line number="83" hits="6" branch="False" />
            <line number="84" hits="15" branch="False" />
            <line number="87" hits="6" branch="False" />
            <line number="89" hits="6" branch="False" />
            <line number="90" hits="6" branch="False" />
            <line number="91" hits="2" branch="False" />
            <line number="92" hits="6" branch="False" />
            <line number="95" hits="6" branch="False" />
            <line number="96" hits="6" branch="False" />
            <line number="97" hits="8" branch="True" condition-coverage="100% (6/6)">
              <conditions>
                <condition number="7" type="jump" coverage="100%" />
                <condition number="25" type="jump" coverage="100%" />
                <condition number="39" type="jump" coverage="100%" />
              </conditions>
            </line>
            <line number="98" hits="8" branch="False" />
            <line number="99" hits="8" branch="False" />
            <line number="100" hits="8" branch="False" />
            <line number="101" hits="14" branch="True" condition-coverage="50% (1/2)">
              <conditions>
                <condition number="7" type="jump" coverage="50%" />
              </conditions>
            </line>
            <line number="102" hits="6" branch="False" />
            <line number="103" hits="7" branch="False" />
            <line number="104" hits="7" branch="False" />
            <line number="105" hits="13" branch="True" condition-coverage="50% (1/2)">
              <conditions>
                <condition number="7" type="jump" coverage="50%" />
              </conditions>
            </line>
            <line number="106" hits="7" branch="True" condition-coverage="75% (3/4)">
              <conditions>
                <condition number="45" type="jump" coverage="50%" />
                <condition number="75" type="jump" coverage="100%" />
              </conditions>
            </line>
            <line number="107" hits="7" branch="False" />
            <line number="108" hits="7" branch="False" />
            <line number="109" hits="6" branch="False" />
            <line number="111" hits="6" branch="False" />
            <line number="114" hits="34" branch="True" condition-coverage="100% (2/2)">
              <conditions>
                <condition number="425" type="jump" coverage="100%" />
              </conditions>
            </line>
            <line number="115" hits="8" branch="False" />
            <line number="116" hits="8" branch="False" />
            <line number="117" hits="14" branch="True" condition-coverage="50% (1/2)">
              <conditions>
                <condition number="7" type="jump" coverage="50%" />
              </conditions>
            </line>
            <line number="119" hits="36" branch="True" condition-coverage="100% (2/2)">
              <conditions>
                <condition number="397" type="jump" coverage="100%" />
              </conditions>
            </line>
            <line number="120" hits="6" branch="False" />
            <line number="121" hits="6" branch="False" />
            <line number="122" hits="6" branch="True" condition-coverage="100% (2/2)">
              <conditions>
                <condition number="303" type="jump" coverage="100%" />
              </conditions>
            </line>
            <line number="123" hits="0" branch="False" />
            <line number="125" hits="6" branch="True" condition-coverage="100% (2/2)">
              <conditions>
                <condition number="322" type="jump" coverage="100%" />
              </conditions>
            </line>
            <line number="126" hits="2" branch="False" />
            <line number="128" hits="2" branch="False" />
            <line number="130" hits="2" branch="False" />
            <line number="131" hits="2" branch="False" />
            <line number="132" hits="2" branch="False" />
            <line number="133" hits="2" branch="False" />
            <line number="134" hits="2" branch="False" />
            <line number="135" hits="2" branch="False" />
            <line number="136" hits="2" branch="False" />
            <line number="137" hits="6" branch="False" />
            <line number="138" hits="8" branch="False" />
            <line number="139" hits="6" branch="False" />
            <line number="142" hits="2" branch="False" />
            <line number="144" hits="2" branch="True" condition-coverage="50% (2/4)">
              <conditions>
                <condition number="8" type="jump" coverage="50%" />
                <condition number="27" type="jump" coverage="50%" />
              </conditions>
            </line>
            <line number="145" hits="2" branch="False" />
            <line number="146" hits="2" branch="False" />
            <line number="150" hits="0" branch="True" condition-coverage="0% (0/4)">
              <conditions>
                <condition number="51" type="jump" coverage="0%" />
                <condition number="72" type="jump" coverage="0%" />
              </conditions>
            </line>
            <line number="151" hits="0" branch="False" />
            <line number="152" hits="0" branch="False" />
            <line number="155" hits="0" branch="False" />
            <line number="156" hits="2" branch="False" />
          </lines>
        </class>
        <class name="NotifyGen.Generator.NotifyCodeFixProvider" filename="NotifyGen.Generator/NotifyCodeFixProvider.cs" line-rate="0" branch-rate="1" complexity="2">
          <methods>
            <method name="get_FixableDiagnosticIds" signature="()" line-rate="0" branch-rate="1" complexity="1">
              <lines>
                <line number="24" hits="0" branch="False" />
              </lines>
            </method>
            <method name="GetFixAllProvider" signature="()" line-rate="0" branch-rate="1" complexity="1">
              <lines>
                <line number="26" hits="0" branch="False" />
              </lines>
            </method>
          </methods>
          <lines>
            <line number="24" hits="0" branch="False" />
            <line number="26" hits="0" branch="False" />
          </lines>
        </class>
        <class name="NotifyGen.Generator.NotifyCodeFixProvider/&lt;&gt;c__DisplayClass4_0" filename="NotifyGen.Generator/NotifyCodeFixProvider.cs" line-rate="1" branch-rate="1" complexity="1">
          <methods>
            <method name="&lt;RegisterCodeFixesAsync&gt;b__0" signature="(System.Threading.CancellationToken)" line-rate="1" branch-rate="1" complexity="1">
              <lines>
                <line number="51" hits="4" branch="False" />
              </lines>
            </method>
          </methods>
          <lines>
            <line number="51" hits="4" branch="False" />
          </lines>
        </class>
        <class name="NotifyGen.Generator.NotifyCodeFixProvider/&lt;AddPartialModifierAsync&gt;d__5" filename="NotifyGen.Generator/NotifyCodeFixProvider.cs" line-rate="0.96" branch-rate="0.75" complexity="4">
          <methods>
            <method name="MoveNext" signature="()" line-rate="0.96" branch-rate="0.75" complexity="4">
              <lines>
                <line number="60" hits="4" branch="False" />
                <line number="61" hits="4" branch="False" />
                <line number="62" hits="4" branch="True" condition-coverage="50% (1/2)">
                  <conditions>
                    <condition number="169" type="jump" coverage="50%" />
                  </conditions>
                </line>
                <line number="63" hits="0" branch="False" />
                <line number="66" hits="4" branch="False" />
                <line number="70" hits="4" branch="False" />
                <line number="73" hits="4" branch="True" condition-coverage="100% (2/2)">
                  <conditions>
                    <condition number="234" type="jump" coverage="100%" />
                  </conditions>
                </line>
                <line number="74" hits="1" branch="False" />
                <line number="76" hits="1" branch="False" />
                <line number="77" hits="1" branch="False" />
                <line number="78" hits="1" branch="False" />
                <line number="80" hits="3" branch="False" />
                <line number="82" hits="3" branch="False" />
                <line number="85" hits="3" branch="False" />
                <line number="86" hits="3" branch="False" />
                <line number="89" hits="3" branch="False" />
                <line number="92" hits="3" branch="False" />
                <line number="93" hits="3" branch="False" />
                <line number="94" hits="3" branch="False" />
                <line number="95" hits="3" branch="False" />
                <line number="96" hits="3" branch="False" />
                <line number="99" hits="4" branch="False" />
                <line number="102" hits="4" branch="False" />
                <line number="103" hits="4" branch="False" />
                <line number="104" hits="4" branch="False" />
              </lines>
            </method>
          </methods>
          <lines>
            <line number="60" hits="4" branch="False" />
            <line number="61" hits="4" branch="False" />
            <line number="62" hits="4" branch="True" condition-coverage="50% (1/2)">
              <conditions>
                <condition number="169" type="jump" coverage="50%" />
              </conditions>
            </line>
            <line number="63" hits="0" branch="False" />
            <line number="66" hits="4" branch="False" />
            <line number="70" hits="4" branch="False" />
            <line number="73" hits="4" branch="True" condition-coverage="100% (2/2)">
              <conditions>
                <condition number="234" type="jump" coverage="100%" />
              </conditions>
            </line>
            <line number="74" hits="1" branch="False" />
            <line number="76" hits="1" branch="False" />
            <line number="77" hits="1" branch="False" />
            <line number="78" hits="1" branch="False" />
            <line number="80" hits="3" branch="False" />
            <line number="82" hits="3" branch="False" />
            <line number="85" hits="3" branch="False" />
            <line number="86" hits="3" branch="False" />
            <line number="89" hits="3" branch="False" />
            <line number="92" hits="3" branch="False" />
            <line number="93" hits="3" branch="False" />
            <line number="94" hits="3" branch="False" />
            <line number="95" hits="3" branch="False" />
            <line number="96" hits="3" branch="False" />
            <line number="99" hits="4" branch="False" />
            <line number="102" hits="4" branch="False" />
            <line number="103" hits="4" branch="False" />
            <line number="104" hits="4" branch="False" />
          </lines>
        </class>
        <class name="NotifyGen.Generator.NotifyCodeFixProvider/&lt;RegisterCodeFixesAsync&gt;d__4" filename="NotifyGen.Generator/NotifyCodeFixProvider.cs" line-rate="0.8946999999999999" branch-rate="0.5" complexity="6">
          <methods>
            <method name="MoveNext" signature="()" line-rate="0.8946999999999999" branch-rate="0.5" complexity="6">
              <lines>
                <line number="29" hits="4" branch="False" />
                <line number="30" hits="4" branch="False" />
                <line number="31" hits="4" branch="True" condition-coverage="50% (1/2)">
                  <conditions>
                    <condition number="219" type="jump" coverage="50%" />
                  </conditions>
                </line>
                <line number="32" hits="0" branch="False" />
                <line number="34" hits="4" branch="False" />
                <line number="35" hits="4" branch="False" />
                <line number="38" hits="4" branch="True" condition-coverage="50% (1/2)">
                  <conditions>
                    <condition number="314" type="jump" coverage="50%" />
                  </conditions>
                </line>
                <line number="39" hits="4" branch="False" />
                <line number="40" hits="4" branch="False" />
                <line number="41" hits="4" branch="False" />
                <line number="42" hits="4" branch="False" />
                <line number="44" hits="4" branch="True" condition-coverage="50% (1/2)">
                  <conditions>
                    <condition number="359" type="jump" coverage="50%" />
                  </conditions>
                </line>
                <line number="45" hits="0" branch="False" />
                <line number="48" hits="4" branch="False" />
                <line number="49" hits="4" branch="False" />
                <line number="50" hits="4" branch="False" />
                <line number="52" hits="4" branch="False" />
                <line number="53" hits="4" branch="False" />
                <line number="54" hits="4" branch="False" />
              </lines>
            </method>
          </methods>
          <lines>
            <line number="29" hits="4" branch="False" />
            <line number="30" hits="4" branch="False" />
            <line number="31" hits="4" branch="True" condition-coverage="50% (1/2)">
              <conditions>
                <condition number="219" type="jump" coverage="50%" />
              </conditions>
            </line>
            <line number="32" hits="0" branch="False" />
            <line number="34" hits="4" branch="False" />
            <line number="35" hits="4" branch="False" />
            <line number="38" hits="4" branch="True" condition-coverage="50% (1/2)">
              <conditions>
                <condition number="314" type="jump" coverage="50%" />
              </conditions>
            </line>
            <line number="39" hits="4" branch="False" />
            <line number="40" hits="4" branch="False" />
            <line number="41" hits="4" branch="False" />
            <line number="42" hits="4" branch="False" />
            <line number="44" hits="4" branch="True" condition-coverage="50% (1/2)">
              <conditions>
                <condition number="359" type="jump" coverage="50%" />
              </conditions>
            </line>
            <line number="45" hits="0" branch="False" />
            <line number="48" hits="4" branch="False" />
            <line number="49" hits="4" branch="False" />
            <line number="50" hits="4" branch="False" />
            <line number="52" hits="4" branch="False" />
            <line number="53" hits="4" branch="False" />
            <line number="54" hits="4" branch="False" />
          </lines>
        </class>
        <class name="NotifyGen.Generator.NotifyGenerator" filename="NotifyGen.Generator/NotifyGenerator.cs" line-rate="0.9329000000000001" branch-rate="0.784" complexity="88">
          <methods>
            <method name="Initialize" signature="(Microsoft.CodeAnalysis.IncrementalGeneratorInitializationContext)" line-rate="1" branch-rate="1" complexity="2">
              <lines>
                <line number="28" hits="20" branch="False" />
                <line number="30" hits="20" branch="False" />
                <line number="31" hits="20" branch="False" />
                <line number="32" hits="411" branch="False" />
                <line number="33" hits="20" branch="False" />
                <line number="34" hits="20" branch="False" />
                <line number="35" hits="40" branch="False" />
                <line number="38" hits="20" branch="True" condition-coverage="100% (2/2)">
                  <conditions>
                    <condition number="160" type="jump" coverage="100%" />
                  </conditions>
                </line>
                <line number="39" hits="20" branch="False" />
              </lines>
            </method>
            <method name="IsCandidateClass" signature="(Microsoft.CodeAnalysis.SyntaxNode)" line-rate="1" branch-rate="1" complexity="4">
              <lines>
                <line number="45" hits="411" branch="False" />
                <line number="46" hits="411" branch="True" condition-coverage="100% (4/4)">
                  <conditions>
                    <condition number="9" type="jump" coverage="100%" />
                    <condition number="26" type="jump" coverage="100%" />
                  </conditions>
                </line>
                <line number="47" hits="411" branch="False" />
                <line number="48" hits="411" branch="False" />
                <line number="49" hits="411" branch="False" />
              </lines>
            </method>
            <method name="GetClassInfo" signature="(Microsoft.CodeAnalysis.GeneratorSyntaxContext,System.Threading.CancellationToken)" line-rate="0.8205" branch-rate="0.5714" complexity="21">
              <lines>
                <line number="55" hits="20" branch="False" />
                <line number="56" hits="20" branch="False" />
                <line number="57" hits="20" branch="False" />
                <line number="60" hits="20" branch="True" condition-coverage="50% (1/2)">
                  <conditions>
                    <condition number="42" type="jump" coverage="50%" />
                  </conditions>
                </line>
                <line number="61" hits="0" branch="False" />
                <line number="64" hits="20" branch="False" />
                <line number="65" hits="40" branch="True" condition-coverage="50% (1/2)">
                  <conditions>
                    <condition number="7" type="jump" coverage="50%" />
                  </conditions>
                </line>
                <line number="67" hits="20" branch="True" condition-coverage="50% (1/2)">
                  <conditions>
                    <condition number="112" type="jump" coverage="50%" />
                  </conditions>
                </line>
                <line number="68" hits="0" branch="False" />
                <line number="71" hits="20" branch="False" />
                <line number="72" hits="20" branch="False" />
                <line number="73" hits="20" branch="True" condition-coverage="50% (1/2)">
                  <conditions>
                    <condition number="151" type="jump" coverage="50%" />
                  </conditions>
                </line>
                <line number="74" hits="20" branch="False" />
                <line number="77" hits="20" branch="False" />
                <line number="80" hits="20" branch="True" condition-coverage="28.57% (2/7)">
                  <conditions>
                    <condition number="206" type="switch" coverage="28.57%" />
                  </conditions>
                </line>
                <line number="81" hits="20" branch="False" />
                <line number="82" hits="19" branch="False" />
                <line number="83" hits="1" branch="False" />
                <line number="84" hits="0" branch="False" />
                <line number="85" hits="0" branch="False" />
                <line number="86" hits="0" branch="False" />
                <line number="87" hits="0" branch="False" />
                <line number="88" hits="0" branch="False" />
                <line number="89" hits="20" branch="False" />
                <line number="92" hits="20" branch="False" />
                <line number="93" hits="20" branch="True" condition-coverage="100% (4/4)">
                  <conditions>
                    <condition number="318" type="jump" coverage="100%" />
                    <condition number="327" type="jump" coverage="100%" />
                  </conditions>
                </line>
                <line number="94" hits="20" branch="False" />
                <line number="95" hits="20" branch="False" />
                <line number="98" hits="20" branch="True" condition-coverage="100% (2/2)">
                  <conditions>
                    <condition number="362" type="jump" coverage="100%" />
                  </conditions>
                </line>
                <line number="99" hits="1" branch="False" />
                <line number="100" hits="20" branch="False" />
                <line number="102" hits="20" branch="False" />
                <line number="103" hits="20" branch="False" />
                <line number="104" hits="20" branch="False" />
                <line number="105" hits="20" branch="False" />
                <line number="106" hits="20" branch="False" />
                <line number="107" hits="20" branch="False" />
                <line number="108" hits="20" branch="False" />
                <line number="109" hits="20" branch="False" />
              </lines>
            </method>
            <method name="ExtractFields" signature="(Microsoft.CodeAnalysis.INamedTypeSymbol,System.Threading.CancellationToken)" line-rate="0.909" branch-rate="0.7692" complexity="39">
              <lines>
                <line number="115" hits="20" branch="False" />
                <line number="116" hits="20" branch="False" />
                <line number="118" hits="178" branch="True" condition-coverage="100% (2/2)">
                  <conditions>
                    <condition number="802" type="jump" coverage="100%" />
                  </conditions>
                </line>
                <line number="119" hits="59" branch="False" />
                <line number="120" hits="59" branch="False" />
                <line number="122" hits="59" branch="True" condition-coverage="100% (2/2)">
                  <conditions>
                    <condition number="65" type="jump" coverage="100%" />
                  </conditions>
                </line>
                <line number="123" hits="20" branch="False" />
                <line number="126" hits="39" branch="True" condition-coverage="100% (2/2)">
                  <conditions>
                    <condition number="89" type="jump" coverage="100%" />
                  </conditions>
                </line>
                <line number="127" hits="4" branch="False" />
                <line number="130" hits="35" branch="True" condition-coverage="100% (4/4)">
                  <conditions>
                    <condition number="114" type="jump" coverage="100%" />
                    <condition number="138" type="jump" coverage="100%" />
                  </conditions>
                </line>
                <line number="131" hits="4" branch="False" />
                <line number="134" hits="31" branch="True" condition-coverage="100% (2/2)">
                  <conditions>
                    <condition number="192" type="jump" coverage="100%" />
                  </conditions>
                </line>
                <line number="135" hits="40" branch="True" condition-coverage="50% (1/2)">
                  <conditions>
                    <condition number="7" type="jump" coverage="50%" />
                  </conditions>
                </line>
                <line number="136" hits="1" branch="False" />
                <line number="139" hits="30" branch="False" />
                <line number="140" hits="38" branch="True" condition-coverage="50% (1/2)">
                  <conditions>
                    <condition number="7" type="jump" coverage="50%" />
                  </conditions>
                </line>
                <line number="141" hits="30" branch="True" condition-coverage="100% (4/4)">
                  <conditions>
                    <condition number="246" type="jump" coverage="100%" />
                    <condition number="278" type="jump" coverage="100%" />
                  </conditions>
                </line>
                <line number="142" hits="30" branch="False" />
                <line number="145" hits="30" branch="False" />
                <line number="146" hits="30" branch="False" />
                <line number="147" hits="30" branch="False" />
                <line number="148" hits="30" branch="False" />
                <line number="149" hits="30" branch="False" />
                <line number="150" hits="30" branch="False" />
                <line number="151" hits="30" branch="False" />
                <line number="154" hits="30" branch="True" condition-coverage="100% (4/4)">
                  <conditions>
                    <condition number="376" type="jump" coverage="100%" />
                    <condition number="394" type="jump" coverage="100%" />
                  </conditions>
                </line>
                <line number="155" hits="30" branch="False" />
                <line number="156" hits="30" branch="False" />
                <line number="159" hits="30" branch="False" />
                <line number="160" hits="8" branch="True" condition-coverage="50% (1/2)">
                  <conditions>
                    <condition number="7" type="jump" coverage="50%" />
                  </conditions>
                </line>
                <line number="161" hits="5" branch="False" />
                <line number="162" hits="5" branch="False" />
                <line number="163" hits="30" branch="False" />
                <line number="164" hits="30" branch="False" />
                <line number="167" hits="30" branch="False" />
                <line number="168" hits="38" branch="True" condition-coverage="50% (1/2)">
                  <conditions>
                    <condition number="7" type="jump" coverage="50%" />
                  </conditions>
                </line>
                <line number="169" hits="30" branch="False" />
                <line number="170" hits="30" branch="True" condition-coverage="100% (4/4)">
                  <conditions>
                    <condition number="597" type="jump" coverage="100%" />
                    <condition number="625" type="jump" coverage="100%" />
                  </conditions>
                </line>
                <line number="171" hits="2" branch="False" />
                <line number="172" hits="2" branch="False" />
                <line number="173" hits="2" branch="True" condition-coverage="28.57% (2/7)">
                  <conditions>
                    <condition number="670" type="switch" coverage="28.57%" />
                  </conditions>
                </line>
                <line number="174" hits="2" branch="False" />
                <line number="175" hits="0" branch="False" />
                <line number="176" hits="1" branch="False" />
                <line number="177" hits="0" branch="False" />
                <line number="178" hits="1" branch="False" />
                <line number="179" hits="0" branch="False" />
                <line number="180" hits="0" branch="False" />
                <line number="181" hits="0" branch="False" />
                <line number="182" hits="2" branch="False" />
                <line number="183" hits="2" branch="False" />
                <line number="185" hits="30" branch="False" />
                <line number="186" hits="30" branch="False" />
                <line number="188" hits="20" branch="False" />
                <line number="189" hits="20" branch="False" />
              </lines>
            </method>
            <method name="GenerateSource" signature="(Microsoft.CodeAnalysis.SourceProductionContext,NotifyGen.Generator.ClassInfo)" line-rate="1" branch-rate="0.9444" complexity="18">
              <lines>
                <line number="195" hits="20" branch="False" />
                <line number="196" hits="20" branch="True" condition-coverage="100% (2/2)">
                  <conditions>
                    <condition number="24" type="jump" coverage="100%" />
                  </conditions>
                </line>
                <line number="197" hits="1" branch="False" />
                <line number="199" hits="19" branch="False" />
                <line number="200" hits="19" branch="False" />
                <line number="201" hits="19" branch="False" />
                <line number="202" hits="19" branch="False" />
                <line number="203" hits="19" branch="False" />
                <line number="204" hits="19" branch="False" />
                <line number="205" hits="19" branch="False" />
                <line number="206" hits="19" branch="False" />
                <line number="208" hits="19" branch="False" />
                <line number="209" hits="19" branch="True" condition-coverage="100% (2/2)">
                  <conditions>
                    <condition number="132" type="jump" coverage="100%" />
                  </conditions>
                </line>
                <line number="210" hits="18" branch="False" />
                <line number="211" hits="18" branch="False" />
                <line number="212" hits="18" branch="False" />
                <line number="213" hits="18" branch="False" />
                <line number="215" hits="19" branch="True" condition-coverage="100% (2/2)">
                  <conditions>
                    <condition number="173" type="jump" coverage="100%" />
                  </conditions>
                </line>
                <line number="218" hits="19" branch="True" condition-coverage="50% (1/2)">
                  <conditions>
                    <condition number="195" type="jump" coverage="50%" />
                  </conditions>
                </line>
                <line number="219" hits="19" branch="False" />
                <line number="220" hits="19" branch="False" />
                <line number="223" hits="19" branch="True" condition-coverage="100% (2/2)">
                  <conditions>
                    <condition number="306" type="jump" coverage="100%" />
                  </conditions>
                </line>
                <line number="224" hits="19" branch="False" />
                <line number="225" hits="19" branch="False" />
                <line number="226" hits="19" branch="False" />
                <line number="227" hits="19" branch="False" />
                <line number="230" hits="117" branch="True" condition-coverage="100% (2/2)">
                  <conditions>
                    <condition number="391" type="jump" coverage="100%" />
                  </conditions>
                </line>
                <line number="231" hits="30" branch="False" />
                <line number="232" hits="30" branch="False" />
                <line number="233" hits="30" branch="False" />
                <line number="234" hits="30" branch="False" />
                <line number="237" hits="19" branch="True" condition-coverage="100% (2/2)">
                  <conditions>
                    <condition number="407" type="jump" coverage="100%" />
                  </conditions>
                </line>
                <line number="238" hits="19" branch="False" />
                <line number="239" hits="19" branch="False" />
                <line number="240" hits="19" branch="False" />
                <line number="241" hits="19" branch="False" />
                <line number="242" hits="19" branch="False" />
                <line number="243" hits="19" branch="False" />
                <line number="244" hits="19" branch="False" />
                <line number="247" hits="117" branch="True" condition-coverage="100% (2/2)">
                  <conditions>
                    <condition number="643" type="jump" coverage="100%" />
                  </conditions>
                </line>
                <line number="248" hits="30" branch="False" />
                <line number="249" hits="30" branch="False" />
                <line number="250" hits="30" branch="False" />
                <line number="251" hits="30" branch="False" />
                <line number="253" hits="19" branch="False" />
                <line number="255" hits="19" branch="True" condition-coverage="100% (2/2)">
                  <conditions>
                    <condition number="671" type="jump" coverage="100%" />
                  </conditions>
                </line>
                <line number="256" hits="18" branch="False" />
                <line number="257" hits="18" branch="False" />
                <line number="258" hits="18" branch="False" />
                <line number="260" hits="19" branch="False" />
                <line number="261" hits="19" branch="False" />
                <line number="262" hits="20" branch="False" />
              </lines>
            </method>
            <method name="GenerateProperty" signature="(System.Text.StringBuilder,NotifyGen.Generator.FieldInfo,System.String)" line-rate="1" branch-rate="1" complexity="4">
              <lines>
                <line number="268" hits="30" branch="False" />
                <line number="269" hits="30" branch="False" />
                <line number="270" hits="30" branch="False" />
                <line number="271" hits="30" branch="False" />
                <line number="272" hits="30" branch="True" condition-coverage="100% (2/2)">
                  <conditions>
                    <condition number="114" type="jump" coverage="100%" />
                  </conditions>
                </line>
                <line number="273" hits="30" branch="False" />
                <line number="274" hits="30" branch="False" />
                <line number="275" hits="30" branch="False" />
                <line number="276" hits="30" branch="False" />
                <line number="277" hits="30" branch="False" />
                <line number="278" hits="30" branch="False" />
                <line number="281" hits="100" branch="True" condition-coverage="100% (2/2)">
                  <conditions>
                    <condition number="423" type="jump" coverage="100%" />
                  </conditions>
                </line>
                <line number="282" hits="5" branch="False" />
                <line number="283" hits="5" branch="False" />
                <line number="284" hits="5" branch="False" />
                <line number="286" hits="30" branch="False" />
                <line number="287" hits="30" branch="False" />
                <line number="288" hits="30" branch="False" />
                <line number="289" hits="30" branch="False" />
              </lines>
            </method>
          </methods>
          <lines>
            <line number="28" hits="20" branch="False" />
            <line number="30" hits="20" branch="False" />
            <line number="31" hits="20" branch="False" />
            <line number="32" hits="411" branch="False" />
            <line number="33" hits="20" branch="False" />
            <line number="34" hits="20" branch="False" />
            <line number="35" hits="40" branch="False" />
            <line number="38" hits="20" branch="True" condition-coverage="100% (2/2)">
              <conditions>
                <condition number="160" type="jump" coverage="100%" />
              </conditions>
            </line>
            <line number="39" hits="20" branch="False" />
            <line number="45" hits="411" branch="False" />
            <line number="46" hits="411" branch="True" condition-coverage="100% (4/4)">
              <conditions>
                <condition number="9" type="jump" coverage="100%" />
                <condition number="26" type="jump" coverage="100%" />
              </conditions>
            </line>
            <line number="47" hits="411" branch="False" />
            <line number="48" hits="411" branch="False" />
            <line number="49" hits="411" branch="False" />
            <line number="55" hits="20" branch="False" />
            <line number="56" hits="20" branch="False" />
            <line number="57" hits="20" branch="False" />
            <line number="60" hits="20" branch="True" condition-coverage="50% (1/2)">
              <conditions>
                <condition number="42" type="jump" coverage="50%" />
              </conditions>
            </line>
            <line number="61" hits="0" branch="False" />
            <line number="64" hits="20" branch="False" />
            <line number="65" hits="40" branch="True" condition-coverage="50% (1/2)">
              <conditions>
                <condition number="7" type="jump" coverage="50%" />
              </conditions>
            </line>
            <line number="67" hits="20" branch="True" condition-coverage="50% (1/2)">
              <conditions>
                <condition number="112" type="jump" coverage="50%" />
              </conditions>
            </line>
            <line number="68" hits="0" branch="False" />
            <line number="71" hits="20" branch="False" />
            <line number="72" hits="20" branch="False" />
            <line number="73" hits="20" branch="True" condition-coverage="50% (1/2)">
              <conditions>
                <condition number="151" type="jump" coverage="50%" />
              </conditions>
            </line>
            <line number="74" hits="20" branch="False" />
            <line number="77" hits="20" branch="False" />
            <line number="80" hits="20" branch="True" condition-coverage="28.57% (2/7)">
              <conditions>
                <condition number="206" type="switch" coverage="28.57%" />
              </conditions>
            </line>
            <line number="81" hits="20" branch="False" />
            <line number="82" hits="19" branch="False" />
            <line number="83" hits="1" branch="False" />
            <line number="84" hits="0" branch="False" />
            <line number="85" hits="0" branch="False" />
            <line number="86" hits="0" branch="False" />
            <line number="87" hits="0" branch="False" />
            <line number="88" hits="0" branch="False" />
            <line number="89" hits="20" branch="False" />
            <line number="92" hits="20" branch="False" />
            <line number="93" hits="20" branch="True" condition-coverage="100% (4/4)">
              <conditions>
                <condition number="318" type="jump" coverage="100%" />
                <condition number="327" type="jump" coverage="100%" />
              </conditions>
            </line>
            <line number="94" hits="20" branch="False" />
            <line number="95" hits="20" branch="False" />
            <line number="98" hits="20" branch="True" condition-coverage="100% (2/2)">
              <conditions>
                <condition number="362" type="jump" coverage="100%" />
              </conditions>
            </line>
            <line number="99" hits="1" branch="False" />
            <line number="100" hits="20" branch="False" />
            <line number="102" hits="20" branch="False" />
            <line number="103" hits="20" branch="False" />
            <line number="104" hits="20" branch="False" />
            <line number="105" hits="20" branch="False" />
            <line number="106" hits="20" branch="False" />
            <line number="107" hits="20" branch="False" />
            <line number="108" hits="20" branch="False" />
            <line number="109" hits="20" branch="False" />
            <line number="115" hits="20" branch="False" />
            <line number="116" hits="20" branch="False" />
            <line number="118" hits="178" branch="True" condition-coverage="100% (2/2)">
              <conditions>
                <condition number="802" type="jump" coverage="100%" />
              </conditions>
            </line>
            <line number="119" hits="59" branch="False" />
            <line number="120" hits="59" branch="False" />
            <line number="122" hits="59" branch="True" condition-coverage="100% (2/2)">
              <conditions>
                <condition number="65" type="jump" coverage="100%" />
              </conditions>
            </line>
            <line number="123" hits="20" branch="False" />
            <line number="126" hits="39" branch="True" condition-coverage="100% (2/2)">
              <conditions>
                <condition number="89" type="jump" coverage="100%" />
              </conditions>
            </line>
            <line number="127" hits="4" branch="False" />
            <line number="130" hits="35" branch="True" condition-coverage="100% (4/4)">
              <conditions>
                <condition number="114" type="jump" coverage="100%" />
                <condition number="138" type="jump" coverage="100%" />
              </conditions>
            </line>
            <line number="131" hits="4" branch="False" />
            <line number="134" hits="31" branch="True" condition-coverage="100% (2/2)">
              <conditions>
                <condition number="192" type="jump" coverage="100%" />
              </conditions>
            </line>
            <line number="135" hits="40" branch="True" condition-coverage="50% (1/2)">
              <conditions>
                <condition number="7" type="jump" coverage="50%" />
              </conditions>
            </line>
            <line number="136" hits="1" branch="False" />
            <line number="139" hits="30" branch="False" />
            <line number="140" hits="38" branch="True" condition-coverage="50% (1/2)">
              <conditions>
                <condition number="7" type="jump" coverage="50%" />
              </conditions>
            </line>
            <line number="141" hits="30" branch="True" condition-coverage="100% (4/4)">
              <conditions>
                <condition number="246" type="jump" coverage="100%" />
                <condition number="278" type="jump" coverage="100%" />
              </conditions>
            </line>
            <line number="142" hits="30" branch="False" />
            <line number="145" hits="30" branch="False" />
            <line number="146" hits="30" branch="False" />
            <line number="147" hits="30" branch="False" />
            <line number="148" hits="30" branch="False" />
            <line number="149" hits="30" branch="False" />
            <line number="150" hits="30" branch="False" />
            <line number="151" hits="30" branch="False" />
            <line number="154" hits="30" branch="True" condition-coverage="100% (4/4)">
              <conditions>
                <condition number="376" type="jump" coverage="100%" />
                <condition number="394" type="jump" coverage="100%" />
              </conditions>
            </line>
            <line number="155" hits="30" branch="False" />
            <line number="156" hits="30" branch="False" />
            <line number="159" hits="30" branch="False" />
            <line number="160" hits="8" branch="True" condition-coverage="50% (1/2)">
              <conditions>
                <condition number="7" type="jump" coverage="50%" />
              </conditions>
            </line>
            <line number="161" hits="5" branch="False" />
            <line number="162" hits="5" branch="False" />
            <line number="163" hits="30" branch="False" />
            <line number="164" hits="30" branch="False" />
            <line number="167" hits="30" branch="False" />
            <line number="168" hits="38" branch="True" condition-coverage="50% (1/2)">
              <conditions>
                <condition number="7" type="jump" coverage="50%" />
              </conditions>
            </line>
            <line number="169" hits="30" branch="False" />
            <line number="170" hits="30" branch="True" condition-coverage="100% (4/4)">
              <conditions>
                <condition number="597" type="jump" coverage="100%" />
                <condition number="625" type="jump" coverage="100%" />
              </conditions>
            </line>
            <line number="171" hits="2" branch="False" />
            <line number="172" hits="2" branch="False" />
            <line number="173" hits="2" branch="True" condition-coverage="28.57% (2/7)">
              <conditions>
                <condition number="670" type="switch" coverage="28.57%" />
              </conditions>
            </line>
            <line number="174" hits="2" branch="False" />
            <line number="175" hits="0" branch="False" />
            <line number="176" hits="1" branch="False" />
            <line number="177" hits="0" branch="False" />
            <line number="178" hits="1" branch="False" />
            <line number="179" hits="0" branch="False" />
            <line number="180" hits="0" branch="False" />
            <line number="181" hits="0" branch="False" />
            <line number="182" hits="2" branch="False" />
            <line number="183" hits="2" branch="False" />
            <line number="185" hits="30" branch="False" />
            <line number="186" hits="30" branch="False" />
            <line number="188" hits="20" branch="False" />
            <line number="189" hits="20" branch="False" />
            <line number="195" hits="20" branch="False" />
            <line number="196" hits="20" branch="True" condition-coverage="100% (2/2)">
              <conditions>
                <condition number="24" type="jump" coverage="100%" />
              </conditions>
            </line>
            <line number="197" hits="1" branch="False" />
            <line number="199" hits="19" branch="False" />
            <line number="200" hits="19" branch="False" />
            <line number="201" hits="19" branch="False" />
            <line number="202" hits="19" branch="False" />
            <line number="203" hits="19" branch="False" />
            <line number="204" hits="19" branch="False" />
            <line number="205" hits="19" branch="False" />
            <line number="206" hits="19" branch="False" />
            <line number="208" hits="19" branch="False" />
            <line number="209" hits="19" branch="True" condition-coverage="100% (2/2)">
              <conditions>
                <condition number="132" type="jump" coverage="100%" />
              </conditions>
            </line>
            <line number="210" hits="18" branch="False" />
            <line number="211" hits="18" branch="False" />
            <line number="212" hits="18" branch="False" />
            <line number="213" hits="18" branch="False" />
            <line number="215" hits="19" branch="True" condition-coverage="100% (2/2)">
              <conditions>
                <condition number="173" type="jump" coverage="100%" />
              </conditions>
            </line>
            <line number="218" hits="19" branch="True" condition-coverage="50% (1/2)">
              <conditions>
                <condition number="195" type="jump" coverage="50%" />
              </conditions>
            </line>
            <line number="219" hits="19" branch="False" />
            <line number="220" hits="19" branch="False" />
            <line number="223" hits="19" branch="True" condition-coverage="100% (2/2)">
              <conditions>
                <condition number="306" type="jump" coverage="100%" />
              </conditions>
            </line>
            <line number="224" hits="19" branch="False" />
            <line number="225" hits="19" branch="False" />
            <line number="226" hits="19" branch="False" />
            <line number="227" hits="19" branch="False" />
            <line number="230" hits="117" branch="True" condition-coverage="100% (2/2)">
              <conditions>
                <condition number="391" type="jump" coverage="100%" />
              </conditions>
            </line>
            <line number="231" hits="30" branch="False" />
            <line number="232" hits="30" branch="False" />
            <line number="233" hits="30" branch="False" />
            <line number="234" hits="30" branch="False" />
            <line number="237" hits="19" branch="True" condition-coverage="100% (2/2)">
              <conditions>
                <condition number="407" type="jump" coverage="100%" />
              </conditions>
            </line>
            <line number="238" hits="19" branch="False" />
            <line number="239" hits="19" branch="False" />
            <line number="240" hits="19" branch="False" />
            <line number="241" hits="19" branch="False" />
            <line number="242" hits="19" branch="False" />
            <line number="243" hits="19" branch="False" />
            <line number="244" hits="19" branch="False" />
            <line number="247" hits="117" branch="True" condition-coverage="100% (2/2)">
              <conditions>
                <condition number="643" type="jump" coverage="100%" />
              </conditions>
            </line>
            <line number="248" hits="30" branch="False" />
            <line number="249" hits="30" branch="False" />
            <line number="250" hits="30" branch="False" />
            <line number="251" hits="30" branch="False" />
            <line number="253" hits="19" branch="False" />
            <line number="255" hits="19" branch="True" condition-coverage="100% (2/2)">
              <conditions>
                <condition number="671" type="jump" coverage="100%" />
              </conditions>
            </line>
            <line number="256" hits="18" branch="False" />
            <line number="257" hits="18" branch="False" />
            <line number="258" hits="18" branch="False" />
            <line number="260" hits="19" branch="False" />
            <line number="261" hits="19" branch="False" />
            <line number="262" hits="20" branch="False" />
            <line number="268" hits="30" branch="False" />
            <line number="269" hits="30" branch="False" />
            <line number="270" hits="30" branch="False" />
            <line number="271" hits="30" branch="False" />
            <line number="272" hits="30" branch="True" condition-coverage="100% (2/2)">
              <conditions>
                <condition number="114" type="jump" coverage="100%" />
              </conditions>
            </line>
            <line number="273" hits="30" branch="False" />
            <line number="274" hits="30" branch="False" />
            <line number="275" hits="30" branch="False" />
            <line number="276" hits="30" branch="False" />
            <line number="277" hits="30" branch="False" />
            <line number="278" hits="30" branch="False" />
            <line number="281" hits="100" branch="True" condition-coverage="100% (2/2)">
              <conditions>
                <condition number="423" type="jump" coverage="100%" />
              </conditions>
            </line>
            <line number="282" hits="5" branch="False" />
            <line number="283" hits="5" branch="False" />
            <line number="284" hits="5" branch="False" />
            <line number="286" hits="30" branch="False" />
            <line number="287" hits="30" branch="False" />
            <line number="288" hits="30" branch="False" />
            <line number="289" hits="30" branch="False" />
          </lines>
        </class>
      </classes>
    </package>
  </packages>
</coverage>