<?xml version="1.0" encoding="utf-8"?>
<coverage line-rate="0.9620000000000001" branch-rate="0.8441" version="1.9" timestamp="1769455887" lines-covered="304" lines-valid="316" branches-covered="130" branches-valid="154">
  <sources>
    <source>/Users/georgewall/RiderProjects/NotifyGen/src/</source>
  </sources>
  <packages>
    <package name="NotifyGen.Attributes" line-rate="1" branch-rate="1" complexity="5">
      <classes>
        <class name="NotifyGen.NotifyAlsoAttribute" filename="NotifyGen.Attributes/NotifyAlsoAttribute.cs" line-rate="1" branch-rate="1" complexity="2">
          <methods>
            <method name=".ctor" signature="(System.String)" line-rate="1" branch-rate="1" complexity="2">
              <lines>
                <line number="27" hits="3" branch="False" />
                <line number="29" hits="3" branch="True" condition-coverage="100% (2/2)">
                  <conditions>
                    <condition number="9" type="jump" coverage="100%" />
                  </conditions>
                </line>
                <line number="30" hits="2" branch="False" />
              </lines>
            </method>
          </methods>
          <lines>
            <line number="27" hits="3" branch="False" />
            <line number="29" hits="3" branch="True" condition-coverage="100% (2/2)">
              <conditions>
                <condition number="9" type="jump" coverage="100%" />
              </conditions>
            </line>
            <line number="30" hits="2" branch="False" />
          </lines>
        </class>
        <class name="NotifyGen.NotifyNameAttribute" filename="NotifyGen.Attributes/NotifyNameAttribute.cs" line-rate="1" branch-rate="1" complexity="2">
          <methods>
            <method name=".ctor" signature="(System.String)" line-rate="1" branch-rate="1" complexity="2">
              <lines>
                <line number="27" hits="4" branch="False" />
                <line number="29" hits="4" branch="True" condition-coverage="100% (2/2)">
                  <conditions>
                    <condition number="12" type="jump" coverage="100%" />
                  </conditions>
                </line>
                <line number="30" hits="2" branch="False" />
                <line number="31" hits="2" branch="False" />
                <line number="32" hits="2" branch="False" />
              </lines>
            </method>
          </methods>
          <lines>
            <line number="27" hits="4" branch="False" />
            <line number="29" hits="4" branch="True" condition-coverage="100% (2/2)">
              <conditions>
                <condition number="12" type="jump" coverage="100%" />
              </conditions>
            </line>
            <line number="30" hits="2" branch="False" />
            <line number="31" hits="2" branch="False" />
            <line number="32" hits="2" branch="False" />
          </lines>
        </class>
        <class name="NotifyGen.NotifySetterAttribute" filename="NotifyGen.Attributes/NotifySetterAttribute.cs" line-rate="1" branch-rate="1" complexity="1">
          <methods>
            <method name=".ctor" signature="(NotifyGen.AccessLevel)" line-rate="1" branch-rate="1" complexity="1">
              <lines>
                <line number="27" hits="7" branch="False" />
                <line number="29" hits="7" branch="False" />
                <line number="30" hits="7" branch="False" />
              </lines>
            </method>
          </methods>
          <lines>
            <line number="27" hits="7" branch="False" />
            <line number="29" hits="7" branch="False" />
            <line number="30" hits="7" branch="False" />
          </lines>
        </class>
      </classes>
    </package>
    <package name="NotifyGen.Generator" line-rate="0.9606" branch-rate="0.84" complexity="160">
      <classes>
        <class name="NotifyGen.Generator.ClassInfo" filename="NotifyGen.Generator/ClassInfo.cs" line-rate="1" branch-rate="0.8181" complexity="25">
          <methods>
            <method name="Equals" signature="(NotifyGen.Generator.ClassInfo)" line-rate="1" branch-rate="1" complexity="10">
              <lines>
                <line number="60" hits="14" branch="True" condition-coverage="100% (10/10)">
                  <conditions>
                    <condition number="18" type="jump" coverage="100%" />
                    <condition number="38" type="jump" coverage="100%" />
                    <condition number="58" type="jump" coverage="100%" />
                    <condition number="78" type="jump" coverage="100%" />
                    <condition number="93" type="jump" coverage="100%" />
                  </conditions>
                </line>
                <line number="61" hits="14" branch="False" />
                <line number="62" hits="14" branch="False" />
                <line number="63" hits="14" branch="False" />
                <line number="64" hits="14" branch="False" />
                <line number="65" hits="14" branch="False" />
              </lines>
            </method>
            <method name="Equals" signature="(System.Object)" line-rate="1" branch-rate="1" complexity="2">
              <lines>
                <line number="70" hits="3" branch="True" condition-coverage="100% (2/2)">
                  <conditions>
                    <condition number="6" type="jump" coverage="100%" />
                  </conditions>
                </line>
              </lines>
            </method>
            <method name="GetHashCode" signature="()" line-rate="1" branch-rate="0.6" complexity="10">
              <lines>
                <line number="77" hits="5" branch="False" />
                <line number="78" hits="5" branch="True" condition-coverage="50% (1/2)">
                  <conditions>
                    <condition number="14" type="jump" coverage="50%" />
                  </conditions>
                </line>
                <line number="79" hits="5" branch="True" condition-coverage="50% (1/2)">
                  <conditions>
                    <condition number="38" type="jump" coverage="50%" />
                  </conditions>
                </line>
                <line number="80" hits="5" branch="True" condition-coverage="50% (1/2)">
                  <conditions>
                    <condition number="62" type="jump" coverage="50%" />
                  </conditions>
                </line>
                <line number="81" hits="5" branch="True" condition-coverage="50% (1/2)">
                  <conditions>
                    <condition number="86" type="jump" coverage="50%" />
                  </conditions>
                </line>
                <line number="82" hits="5" branch="False" />
                <line number="83" hits="5" branch="False" />
                <line number="86" hits="5" branch="True" condition-coverage="100% (2/2)">
                  <conditions>
                    <condition number="154" type="jump" coverage="100%" />
                  </conditions>
                </line>
                <line number="88" hits="4" branch="False" />
                <line number="91" hits="5" branch="False" />
              </lines>
            </method>
            <method name="op_Equality" signature="(NotifyGen.Generator.ClassInfo,NotifyGen.Generator.ClassInfo)" line-rate="1" branch-rate="1" complexity="1">
              <lines>
                <line number="95" hits="2" branch="False" />
              </lines>
            </method>
            <method name="op_Inequality" signature="(NotifyGen.Generator.ClassInfo,NotifyGen.Generator.ClassInfo)" line-rate="1" branch-rate="1" complexity="1">
              <lines>
                <line number="96" hits="2" branch="False" />
              </lines>
            </method>
            <method name=".ctor" signature="(System.String,System.String,System.String,System.String,System.Boolean,System.Collections.Immutable.ImmutableArray`1&lt;NotifyGen.Generator.FieldInfo&gt;)" line-rate="1" branch-rate="1" complexity="1">
              <lines>
                <line number="50" hits="72" branch="False" />
                <line number="51" hits="72" branch="False" />
                <line number="52" hits="72" branch="False" />
                <line number="53" hits="72" branch="False" />
                <line number="54" hits="72" branch="False" />
                <line number="55" hits="72" branch="False" />
                <line number="56" hits="72" branch="False" />
              </lines>
            </method>
          </methods>
          <lines>
            <line number="60" hits="14" branch="True" condition-coverage="100% (10/10)">
              <conditions>
                <condition number="18" type="jump" coverage="100%" />
                <condition number="38" type="jump" coverage="100%" />
                <condition number="58" type="jump" coverage="100%" />
                <condition number="78" type="jump" coverage="100%" />
                <condition number="93" type="jump" coverage="100%" />
              </conditions>
            </line>
            <line number="61" hits="14" branch="False" />
            <line number="62" hits="14" branch="False" />
            <line number="63" hits="14" branch="False" />
            <line number="64" hits="14" branch="False" />
            <line number="65" hits="14" branch="False" />
            <line number="70" hits="3" branch="True" condition-coverage="100% (2/2)">
              <conditions>
                <condition number="6" type="jump" coverage="100%" />
              </conditions>
            </line>
            <line number="77" hits="5" branch="False" />
            <line number="78" hits="5" branch="True" condition-coverage="50% (1/2)">
              <conditions>
                <condition number="14" type="jump" coverage="50%" />
              </conditions>
            </line>
            <line number="79" hits="5" branch="True" condition-coverage="50% (1/2)">
              <conditions>
                <condition number="38" type="jump" coverage="50%" />
              </conditions>
            </line>
            <line number="80" hits="5" branch="True" condition-coverage="50% (1/2)">
              <conditions>
                <condition number="62" type="jump" coverage="50%" />
              </conditions>
            </line>
            <line number="81" hits="5" branch="True" condition-coverage="50% (1/2)">
              <conditions>
                <condition number="86" type="jump" coverage="50%" />
              </conditions>
            </line>
            <line number="82" hits="5" branch="False" />
            <line number="83" hits="5" branch="False" />
            <line number="86" hits="5" branch="True" condition-coverage="100% (2/2)">
              <conditions>
                <condition number="154" type="jump" coverage="100%" />
              </conditions>
            </line>
            <line number="88" hits="4" branch="False" />
            <line number="91" hits="5" branch="False" />
            <line number="95" hits="2" branch="False" />
            <line number="96" hits="2" branch="False" />
            <line number="50" hits="72" branch="False" />
            <line number="51" hits="72" branch="False" />
            <line number="52" hits="72" branch="False" />
            <line number="53" hits="72" branch="False" />
            <line number="54" hits="72" branch="False" />
            <line number="55" hits="72" branch="False" />
            <line number="56" hits="72" branch="False" />
          </lines>
        </class>
        <class name="NotifyGen.Generator.DiagnosticDescriptors" filename="NotifyGen.Generator/DiagnosticDescriptors.cs" line-rate="1" branch-rate="1" complexity="1">
          <methods>
            <method name=".cctor" signature="()" line-rate="1" branch-rate="1" complexity="1">
              <lines>
                <line number="13" hits="1" branch="False" />
                <line number="14" hits="1" branch="False" />
                <line number="15" hits="1" branch="False" />
                <line number="16" hits="1" branch="False" />
                <line number="17" hits="1" branch="False" />
                <line number="18" hits="1" branch="False" />
                <line number="19" hits="1" branch="False" />
                <line number="20" hits="1" branch="False" />
                <line number="25" hits="1" branch="False" />
                <line number="26" hits="1" branch="False" />
                <line number="27" hits="1" branch="False" />
                <line number="28" hits="1" branch="False" />
                <line number="29" hits="1" branch="False" />
                <line number="30" hits="1" branch="False" />
                <line number="31" hits="1" branch="False" />
                <line number="32" hits="1" branch="False" />
                <line number="37" hits="1" branch="False" />
                <line number="38" hits="1" branch="False" />
                <line number="39" hits="1" branch="False" />
                <line number="40" hits="1" branch="False" />
                <line number="41" hits="1" branch="False" />
                <line number="42" hits="1" branch="False" />
                <line number="43" hits="1" branch="False" />
                <line number="44" hits="1" branch="False" />
              </lines>
            </method>
          </methods>
          <lines>
            <line number="13" hits="1" branch="False" />
            <line number="14" hits="1" branch="False" />
            <line number="15" hits="1" branch="False" />
            <line number="16" hits="1" branch="False" />
            <line number="17" hits="1" branch="False" />
            <line number="18" hits="1" branch="False" />
            <line number="19" hits="1" branch="False" />
            <line number="20" hits="1" branch="False" />
            <line number="25" hits="1" branch="False" />
            <line number="26" hits="1" branch="False" />
            <line number="27" hits="1" branch="False" />
            <line number="28" hits="1" branch="False" />
            <line number="29" hits="1" branch="False" />
            <line number="30" hits="1" branch="False" />
            <line number="31" hits="1" branch="False" />
            <line number="32" hits="1" branch="False" />
            <line number="37" hits="1" branch="False" />
            <line number="38" hits="1" branch="False" />
            <line number="39" hits="1" branch="False" />
            <line number="40" hits="1" branch="False" />
            <line number="41" hits="1" branch="False" />
            <line number="42" hits="1" branch="False" />
            <line number="43" hits="1" branch="False" />
            <line number="44" hits="1" branch="False" />
          </lines>
        </class>
        <class name="NotifyGen.Generator.FieldInfo" filename="NotifyGen.Generator/FieldInfo.cs" line-rate="1" branch-rate="0.8332999999999999" complexity="27">
          <methods>
            <method name="Equals" signature="(NotifyGen.Generator.FieldInfo)" line-rate="1" branch-rate="1" complexity="10">
              <lines>
                <line number="61" hits="16" branch="True" condition-coverage="100% (10/10)">
                  <conditions>
                    <condition number="18" type="jump" coverage="100%" />
                    <condition number="38" type="jump" coverage="100%" />
                    <condition number="58" type="jump" coverage="100%" />
                    <condition number="73" type="jump" coverage="100%" />
                    <condition number="93" type="jump" coverage="100%" />
                  </conditions>
                </line>
                <line number="62" hits="16" branch="False" />
                <line number="63" hits="16" branch="False" />
                <line number="64" hits="16" branch="False" />
                <line number="65" hits="16" branch="False" />
                <line number="66" hits="16" branch="False" />
              </lines>
            </method>
            <method name="Equals" signature="(System.Object)" line-rate="1" branch-rate="1" complexity="2">
              <lines>
                <line number="71" hits="3" branch="True" condition-coverage="100% (2/2)">
                  <conditions>
                    <condition number="6" type="jump" coverage="100%" />
                  </conditions>
                </line>
              </lines>
            </method>
            <method name="GetHashCode" signature="()" line-rate="1" branch-rate="0.6666" complexity="12">
              <lines>
                <line number="78" hits="10" branch="False" />
                <line number="79" hits="10" branch="True" condition-coverage="50% (1/2)">
                  <conditions>
                    <condition number="14" type="jump" coverage="50%" />
                  </conditions>
                </line>
                <line number="80" hits="10" branch="True" condition-coverage="50% (1/2)">
                  <conditions>
                    <condition number="38" type="jump" coverage="50%" />
                  </conditions>
                </line>
                <line number="81" hits="10" branch="True" condition-coverage="50% (1/2)">
                  <conditions>
                    <condition number="62" type="jump" coverage="50%" />
                  </conditions>
                </line>
                <line number="82" hits="10" branch="False" />
                <line number="83" hits="10" branch="True" condition-coverage="100% (2/2)">
                  <conditions>
                    <condition number="106" type="jump" coverage="100%" />
                  </conditions>
                </line>
                <line number="84" hits="10" branch="False" />
                <line number="87" hits="10" branch="True" condition-coverage="100% (2/2)">
                  <conditions>
                    <condition number="154" type="jump" coverage="100%" />
                  </conditions>
                </line>
                <line number="89" hits="4" branch="True" condition-coverage="50% (1/2)">
                  <conditions>
                    <condition number="176" type="jump" coverage="50%" />
                  </conditions>
                </line>
                <line number="92" hits="10" branch="False" />
              </lines>
            </method>
            <method name="op_Equality" signature="(NotifyGen.Generator.FieldInfo,NotifyGen.Generator.FieldInfo)" line-rate="1" branch-rate="1" complexity="1">
              <lines>
                <line number="96" hits="2" branch="False" />
              </lines>
            </method>
            <method name="op_Inequality" signature="(NotifyGen.Generator.FieldInfo,NotifyGen.Generator.FieldInfo)" line-rate="1" branch-rate="1" complexity="1">
              <lines>
                <line number="97" hits="2" branch="False" />
              </lines>
            </method>
            <method name=".ctor" signature="(System.String,System.String,System.String,System.Boolean,System.Collections.Immutable.ImmutableArray`1&lt;System.String&gt;,System.String)" line-rate="1" branch-rate="1" complexity="1">
              <lines>
                <line number="51" hits="103" branch="False" />
                <line number="52" hits="103" branch="False" />
                <line number="53" hits="103" branch="False" />
                <line number="54" hits="103" branch="False" />
                <line number="55" hits="103" branch="False" />
                <line number="56" hits="103" branch="False" />
                <line number="57" hits="103" branch="False" />
              </lines>
            </method>
          </methods>
          <lines>
            <line number="61" hits="16" branch="True" condition-coverage="100% (10/10)">
              <conditions>
                <condition number="18" type="jump" coverage="100%" />
                <condition number="38" type="jump" coverage="100%" />
                <condition number="58" type="jump" coverage="100%" />
                <condition number="73" type="jump" coverage="100%" />
                <condition number="93" type="jump" coverage="100%" />
              </conditions>
            </line>
            <line number="62" hits="16" branch="False" />
            <line number="63" hits="16" branch="False" />
            <line number="64" hits="16" branch="False" />
            <line number="65" hits="16" branch="False" />
            <line number="66" hits="16" branch="False" />
            <line number="71" hits="3" branch="True" condition-coverage="100% (2/2)">
              <conditions>
                <condition number="6" type="jump" coverage="100%" />
              </conditions>
            </line>
            <line number="78" hits="10" branch="False" />
            <line number="79" hits="10" branch="True" condition-coverage="50% (1/2)">
              <conditions>
                <condition number="14" type="jump" coverage="50%" />
              </conditions>
            </line>
            <line number="80" hits="10" branch="True" condition-coverage="50% (1/2)">
              <conditions>
                <condition number="38" type="jump" coverage="50%" />
              </conditions>
            </line>
            <line number="81" hits="10" branch="True" condition-coverage="50% (1/2)">
              <conditions>
                <condition number="62" type="jump" coverage="50%" />
              </conditions>
            </line>
            <line number="82" hits="10" branch="False" />
            <line number="83" hits="10" branch="True" condition-coverage="100% (2/2)">
              <conditions>
                <condition number="106" type="jump" coverage="100%" />
              </conditions>
            </line>
            <line number="84" hits="10" branch="False" />
            <line number="87" hits="10" branch="True" condition-coverage="100% (2/2)">
              <conditions>
                <condition number="154" type="jump" coverage="100%" />
              </conditions>
            </line>
            <line number="89" hits="4" branch="True" condition-coverage="50% (1/2)">
              <conditions>
                <condition number="176" type="jump" coverage="50%" />
              </conditions>
            </line>
            <line number="92" hits="10" branch="False" />
            <line number="96" hits="2" branch="False" />
            <line number="97" hits="2" branch="False" />
            <line number="51" hits="103" branch="False" />
            <line number="52" hits="103" branch="False" />
            <line number="53" hits="103" branch="False" />
            <line number="54" hits="103" branch="False" />
            <line number="55" hits="103" branch="False" />
            <line number="56" hits="103" branch="False" />
            <line number="57" hits="103" branch="False" />
          </lines>
        </class>
        <class name="NotifyGen.Generator.NotifyAnalyzer" filename="NotifyGen.Generator/NotifyAnalyzer.cs" line-rate="0.9493" branch-rate="0.7306999999999999" complexity="27">
          <methods>
            <method name="get_SupportedDiagnostics" signature="()" line-rate="1" branch-rate="1" complexity="1">
              <lines>
                <line number="22" hits="24" branch="False" />
                <line number="23" hits="24" branch="False" />
                <line number="24" hits="24" branch="False" />
                <line number="25" hits="24" branch="False" />
              </lines>
            </method>
            <method name="Initialize" signature="(Microsoft.CodeAnalysis.Diagnostics.AnalysisContext)" line-rate="1" branch-rate="1" complexity="2">
              <lines>
                <line number="29" hits="24" branch="False" />
                <line number="30" hits="24" branch="False" />
                <line number="32" hits="24" branch="True" condition-coverage="100% (2/2)">
                  <conditions>
                    <condition number="20" type="jump" coverage="100%" />
                  </conditions>
                </line>
                <line number="33" hits="24" branch="False" />
              </lines>
            </method>
            <method name="AnalyzeClass" signature="(Microsoft.CodeAnalysis.Diagnostics.SyntaxNodeAnalysisContext)" line-rate="0.9677" branch-rate="0.875" complexity="8">
              <lines>
                <line number="37" hits="26" branch="False" />
                <line number="40" hits="26" branch="True" condition-coverage="50% (1/2)">
                  <conditions>
                    <condition number="35" type="jump" coverage="50%" />
                  </conditions>
                </line>
                <line number="41" hits="26" branch="False" />
                <line number="42" hits="0" branch="False" />
                <line number="45" hits="26" branch="False" />
                <line number="46" hits="26" branch="False" />
                <line number="48" hits="26" branch="True" condition-coverage="100% (2/2)">
                  <conditions>
                    <condition number="80" type="jump" coverage="100%" />
                  </conditions>
                </line>
                <line number="49" hits="3" branch="False" />
                <line number="52" hits="23" branch="False" />
                <line number="54" hits="23" branch="True" condition-coverage="100% (2/2)">
                  <conditions>
                    <condition number="99" type="jump" coverage="100%" />
                  </conditions>
                </line>
                <line number="56" hits="15" branch="False" />
                <line number="57" hits="15" branch="False" />
                <line number="58" hits="15" branch="False" />
                <line number="59" hits="15" branch="False" />
                <line number="60" hits="15" branch="False" />
                <line number="61" hits="15" branch="False" />
                <line number="65" hits="8" branch="False" />
                <line number="66" hits="8" branch="False" />
                <line number="67" hits="8" branch="False" />
                <line number="68" hits="8" branch="False" />
                <line number="69" hits="8" branch="False" />
                <line number="70" hits="8" branch="False" />
                <line number="71" hits="8" branch="False" />
                <line number="73" hits="8" branch="True" condition-coverage="100% (2/2)">
                  <conditions>
                    <condition number="201" type="jump" coverage="100%" />
                  </conditions>
                </line>
                <line number="75" hits="2" branch="False" />
                <line number="76" hits="2" branch="False" />
                <line number="77" hits="2" branch="False" />
                <line number="78" hits="2" branch="False" />
                <line number="79" hits="2" branch="False" />
                <line number="83" hits="8" branch="False" />
                <line number="84" hits="8" branch="False" />
              </lines>
            </method>
            <method name="AnalyzeNotifyAlsoReferences" signature="(Microsoft.CodeAnalysis.Diagnostics.SyntaxNodeAnalysisContext,Microsoft.CodeAnalysis.INamedTypeSymbol)" line-rate="1" branch-rate="1" complexity="8">
              <lines>
                <line number="89" hits="8" branch="False" />
                <line number="90" hits="8" branch="False" />
                <line number="91" hits="8" branch="False" />
                <line number="92" hits="8" branch="False" />
                <line number="95" hits="8" branch="False" />
                <line number="96" hits="8" branch="False" />
                <line number="97" hits="8" branch="False" />
                <line number="98" hits="8" branch="False" />
                <line number="99" hits="8" branch="False" />
                <line number="100" hits="8" branch="False" />
                <line number="101" hits="8" branch="False" />
                <line number="102" hits="8" branch="False" />
                <line number="103" hits="8" branch="False" />
                <line number="104" hits="8" branch="False" />
                <line number="105" hits="8" branch="False" />
                <line number="106" hits="8" branch="False" />
                <line number="107" hits="8" branch="False" />
                <line number="108" hits="8" branch="False" />
                <line number="109" hits="8" branch="False" />
                <line number="111" hits="8" branch="False" />
                <line number="114" hits="40" branch="True" condition-coverage="100% (2/2)">
                  <conditions>
                    <condition number="386" type="jump" coverage="100%" />
                  </conditions>
                </line>
                <line number="116" hits="12" branch="False" />
                <line number="117" hits="12" branch="False" />
                <line number="119" hits="38" branch="True" condition-coverage="100% (2/2)">
                  <conditions>
                    <condition number="364" type="jump" coverage="100%" />
                  </conditions>
                </line>
                <line number="121" hits="7" branch="False" />
                <line number="122" hits="7" branch="True" condition-coverage="100% (2/2)">
                  <conditions>
                    <condition number="283" type="jump" coverage="100%" />
                  </conditions>
                </line>
                <line number="125" hits="7" branch="True" condition-coverage="100% (2/2)">
                  <conditions>
                    <condition number="293" type="jump" coverage="100%" />
                  </conditions>
                </line>
                <line number="128" hits="2" branch="False" />
                <line number="130" hits="2" branch="False" />
                <line number="131" hits="2" branch="False" />
                <line number="132" hits="2" branch="False" />
                <line number="133" hits="2" branch="False" />
                <line number="134" hits="2" branch="False" />
                <line number="135" hits="2" branch="False" />
                <line number="139" hits="8" branch="False" />
              </lines>
            </method>
            <method name="GetAttributeLocation" signature="(Microsoft.CodeAnalysis.IFieldSymbol,Microsoft.CodeAnalysis.AttributeData,System.Threading.CancellationToken)" line-rate="0.4" branch-rate="0.25" complexity="8">
              <lines>
                <line number="144" hits="2" branch="True" condition-coverage="50% (2/4)">
                  <conditions>
                    <condition number="7" type="jump" coverage="50%" />
                    <condition number="21" type="jump" coverage="50%" />
                  </conditions>
                </line>
                <line number="146" hits="2" branch="False" />
                <line number="150" hits="0" branch="True" condition-coverage="0% (0/4)">
                  <conditions>
                    <condition number="42" type="jump" coverage="0%" />
                    <condition number="56" type="jump" coverage="0%" />
                  </conditions>
                </line>
                <line number="152" hits="0" branch="False" />
                <line number="155" hits="0" branch="False" />
              </lines>
            </method>
          </methods>
          <lines>
            <line number="22" hits="24" branch="False" />
            <line number="23" hits="24" branch="False" />
            <line number="24" hits="24" branch="False" />
            <line number="25" hits="24" branch="False" />
            <line number="29" hits="24" branch="False" />
            <line number="30" hits="24" branch="False" />
            <line number="32" hits="24" branch="True" condition-coverage="100% (2/2)">
              <conditions>
                <condition number="20" type="jump" coverage="100%" />
              </conditions>
            </line>
            <line number="33" hits="24" branch="False" />
            <line number="37" hits="26" branch="False" />
            <line number="40" hits="26" branch="True" condition-coverage="50% (1/2)">
              <conditions>
                <condition number="35" type="jump" coverage="50%" />
              </conditions>
            </line>
            <line number="41" hits="26" branch="False" />
            <line number="42" hits="0" branch="False" />
            <line number="45" hits="26" branch="False" />
            <line number="46" hits="26" branch="False" />
            <line number="48" hits="26" branch="True" condition-coverage="100% (2/2)">
              <conditions>
                <condition number="80" type="jump" coverage="100%" />
              </conditions>
            </line>
            <line number="49" hits="3" branch="False" />
            <line number="52" hits="23" branch="False" />
            <line number="54" hits="23" branch="True" condition-coverage="100% (2/2)">
              <conditions>
                <condition number="99" type="jump" coverage="100%" />
              </conditions>
            </line>
            <line number="56" hits="15" branch="False" />
            <line number="57" hits="15" branch="False" />
            <line number="58" hits="15" branch="False" />
            <line number="59" hits="15" branch="False" />
            <line number="60" hits="15" branch="False" />
            <line number="61" hits="15" branch="False" />
            <line number="65" hits="8" branch="False" />
            <line number="66" hits="8" branch="False" />
            <line number="67" hits="8" branch="False" />
            <line number="68" hits="8" branch="False" />
            <line number="69" hits="8" branch="False" />
            <line number="70" hits="8" branch="False" />
            <line number="71" hits="8" branch="False" />
            <line number="73" hits="8" branch="True" condition-coverage="100% (2/2)">
              <conditions>
                <condition number="201" type="jump" coverage="100%" />
              </conditions>
            </line>
            <line number="75" hits="2" branch="False" />
            <line number="76" hits="2" branch="False" />
            <line number="77" hits="2" branch="False" />
            <line number="78" hits="2" branch="False" />
            <line number="79" hits="2" branch="False" />
            <line number="83" hits="8" branch="False" />
            <line number="84" hits="8" branch="False" />
            <line number="89" hits="8" branch="False" />
            <line number="90" hits="8" branch="False" />
            <line number="91" hits="8" branch="False" />
            <line number="92" hits="8" branch="False" />
            <line number="95" hits="8" branch="False" />
            <line number="96" hits="8" branch="False" />
            <line number="97" hits="8" branch="False" />
            <line number="98" hits="8" branch="False" />
            <line number="99" hits="8" branch="False" />
            <line number="100" hits="8" branch="False" />
            <line number="101" hits="8" branch="False" />
            <line number="102" hits="8" branch="False" />
            <line number="103" hits="8" branch="False" />
            <line number="104" hits="8" branch="False" />
            <line number="105" hits="8" branch="False" />
            <line number="106" hits="8" branch="False" />
            <line number="107" hits="8" branch="False" />
            <line number="108" hits="8" branch="False" />
            <line number="109" hits="8" branch="False" />
            <line number="111" hits="8" branch="False" />
            <line number="114" hits="40" branch="True" condition-coverage="100% (2/2)">
              <conditions>
                <condition number="386" type="jump" coverage="100%" />
              </conditions>
            </line>
            <line number="116" hits="12" branch="False" />
            <line number="117" hits="12" branch="False" />
            <line number="119" hits="38" branch="True" condition-coverage="100% (2/2)">
              <conditions>
                <condition number="364" type="jump" coverage="100%" />
              </conditions>
            </line>
            <line number="121" hits="7" branch="False" />
            <line number="122" hits="7" branch="True" condition-coverage="100% (2/2)">
              <conditions>
                <condition number="283" type="jump" coverage="100%" />
              </conditions>
            </line>
            <line number="125" hits="7" branch="True" condition-coverage="100% (2/2)">
              <conditions>
                <condition number="293" type="jump" coverage="100%" />
              </conditions>
            </line>
            <line number="128" hits="2" branch="False" />
            <line number="130" hits="2" branch="False" />
            <line number="131" hits="2" branch="False" />
            <line number="132" hits="2" branch="False" />
            <line number="133" hits="2" branch="False" />
            <line number="134" hits="2" branch="False" />
            <line number="135" hits="2" branch="False" />
            <line number="139" hits="8" branch="False" />
            <line number="144" hits="2" branch="True" condition-coverage="50% (2/4)">
              <conditions>
                <condition number="7" type="jump" coverage="50%" />
                <condition number="21" type="jump" coverage="50%" />
              </conditions>
            </line>
            <line number="146" hits="2" branch="False" />
            <line number="150" hits="0" branch="True" condition-coverage="0% (0/4)">
              <conditions>
                <condition number="42" type="jump" coverage="0%" />
                <condition number="56" type="jump" coverage="0%" />
              </conditions>
            </line>
            <line number="152" hits="0" branch="False" />
            <line number="155" hits="0" branch="False" />
          </lines>
        </class>
        <class name="NotifyGen.Generator.NotifyCodeFixProvider" filename="NotifyGen.Generator/NotifyCodeFixProvider.cs" line-rate="1" branch-rate="1" complexity="2">
          <methods>
            <method name="get_FixableDiagnosticIds" signature="()" line-rate="1" branch-rate="1" complexity="1">
              <lines>
                <line number="24" hits="1" branch="False" />
              </lines>
            </method>
            <method name="GetFixAllProvider" signature="()" line-rate="1" branch-rate="1" complexity="1">
              <lines>
                <line number="26" hits="1" branch="False" />
              </lines>
            </method>
          </methods>
          <lines>
            <line number="24" hits="1" branch="False" />
            <line number="26" hits="1" branch="False" />
          </lines>
        </class>
        <class name="NotifyGen.Generator.NotifyGenerator" filename="NotifyGen.Generator/NotifyGenerator.cs" line-rate="0.9459000000000001" branch-rate="0.8845999999999999" complexity="78">
          <methods>
            <method name="Initialize" signature="(Microsoft.CodeAnalysis.IncrementalGeneratorInitializationContext)" line-rate="1" branch-rate="1" complexity="2">
              <lines>
                <line number="30" hits="40" branch="False" />
                <line number="31" hits="40" branch="False" />
                <line number="32" hits="40" branch="False" />
                <line number="33" hits="40" branch="False" />
                <line number="34" hits="40" branch="False" />
                <line number="35" hits="40" branch="False" />
                <line number="38" hits="40" branch="True" condition-coverage="100% (2/2)">
                  <conditions>
                    <condition number="159" type="jump" coverage="100%" />
                  </conditions>
                </line>
                <line number="39" hits="40" branch="False" />
              </lines>
            </method>
            <method name="IsCandidateClass" signature="(Microsoft.CodeAnalysis.SyntaxNode)" line-rate="1" branch-rate="1" complexity="4">
              <lines>
                <line number="46" hits="901" branch="True" condition-coverage="100% (4/4)">
                  <conditions>
                    <condition number="8" type="jump" coverage="100%" />
                    <condition number="25" type="jump" coverage="100%" />
                  </conditions>
                </line>
                <line number="47" hits="901" branch="False" />
                <line number="48" hits="901" branch="False" />
              </lines>
            </method>
            <method name="GetClassInfo" signature="(Microsoft.CodeAnalysis.GeneratorSyntaxContext,System.Threading.CancellationToken)" line-rate="0.8108" branch-rate="0.5789" complexity="19">
              <lines>
                <line number="56" hits="41" branch="False" />
                <line number="57" hits="41" branch="False" />
                <line number="60" hits="41" branch="True" condition-coverage="50% (1/2)">
                  <conditions>
                    <condition number="31" type="jump" coverage="50%" />
                  </conditions>
                </line>
                <line number="61" hits="0" branch="False" />
                <line number="64" hits="41" branch="False" />
                <line number="65" hits="41" branch="False" />
                <line number="67" hits="41" branch="True" condition-coverage="50% (1/2)">
                  <conditions>
                    <condition number="86" type="jump" coverage="50%" />
                  </conditions>
                </line>
                <line number="68" hits="0" branch="False" />
                <line number="71" hits="41" branch="False" />
                <line number="72" hits="41" branch="False" />
                <line number="73" hits="41" branch="True" condition-coverage="50% (1/2)">
                  <conditions>
                    <condition number="117" type="jump" coverage="50%" />
                  </conditions>
                </line>
                <line number="74" hits="41" branch="False" />
                <line number="77" hits="41" branch="False" />
                <line number="80" hits="41" branch="True" condition-coverage="28.57% (2/7)">
                  <conditions>
                    <condition number="167" type="switch" coverage="28.57%" />
                  </conditions>
                </line>
                <line number="81" hits="41" branch="False" />
                <line number="82" hits="40" branch="False" />
                <line number="83" hits="1" branch="False" />
                <line number="84" hits="0" branch="False" />
                <line number="85" hits="0" branch="False" />
                <line number="86" hits="0" branch="False" />
                <line number="87" hits="0" branch="False" />
                <line number="88" hits="0" branch="False" />
                <line number="89" hits="41" branch="False" />
                <line number="92" hits="41" branch="False" />
                <line number="93" hits="41" branch="True" condition-coverage="100% (4/4)">
                  <conditions>
                    <condition number="273" type="jump" coverage="100%" />
                    <condition number="282" type="jump" coverage="100%" />
                  </conditions>
                </line>
                <line number="94" hits="41" branch="False" />
                <line number="95" hits="41" branch="False" />
                <line number="98" hits="41" branch="True" condition-coverage="100% (2/2)">
                  <conditions>
                    <condition number="315" type="jump" coverage="100%" />
                  </conditions>
                </line>
                <line number="99" hits="41" branch="False" />
                <line number="100" hits="41" branch="False" />
                <line number="102" hits="41" branch="False" />
                <line number="103" hits="41" branch="False" />
                <line number="104" hits="41" branch="False" />
                <line number="105" hits="41" branch="False" />
                <line number="106" hits="41" branch="False" />
                <line number="107" hits="41" branch="False" />
                <line number="108" hits="41" branch="False" />
              </lines>
            </method>
            <method name="ExtractFields" signature="(Microsoft.CodeAnalysis.INamedTypeSymbol,System.Threading.CancellationToken)" line-rate="0.9777" branch-rate="0.9677" complexity="31">
              <lines>
                <line number="116" hits="41" branch="False" />
                <line number="118" hits="308" branch="True" condition-coverage="100% (2/2)">
                  <conditions>
                    <condition number="717" type="jump" coverage="100%" />
                  </conditions>
                </line>
                <line number="120" hits="113" branch="False" />
                <line number="122" hits="113" branch="True" condition-coverage="100% (2/2)">
                  <conditions>
                    <condition number="47" type="jump" coverage="100%" />
                  </conditions>
                </line>
                <line number="126" hits="72" branch="True" condition-coverage="100% (2/2)">
                  <conditions>
                    <condition number="59" type="jump" coverage="100%" />
                  </conditions>
                </line>
                <line number="130" hits="68" branch="True" condition-coverage="100% (4/4)">
                  <conditions>
                    <condition number="81" type="jump" coverage="100%" />
                    <condition number="98" type="jump" coverage="100%" />
                  </conditions>
                </line>
                <line number="134" hits="64" branch="True" condition-coverage="100% (2/2)">
                  <conditions>
                    <condition number="145" type="jump" coverage="100%" />
                  </conditions>
                </line>
                <line number="135" hits="64" branch="False" />
                <line number="139" hits="63" branch="False" />
                <line number="140" hits="63" branch="False" />
                <line number="141" hits="63" branch="True" condition-coverage="100% (4/4)">
                  <conditions>
                    <condition number="193" type="jump" coverage="100%" />
                    <condition number="224" type="jump" coverage="100%" />
                  </conditions>
                </line>
                <line number="142" hits="63" branch="False" />
                <line number="145" hits="63" branch="False" />
                <line number="146" hits="63" branch="False" />
                <line number="147" hits="63" branch="False" />
                <line number="148" hits="63" branch="False" />
                <line number="149" hits="63" branch="False" />
                <line number="150" hits="63" branch="False" />
                <line number="151" hits="63" branch="False" />
                <line number="154" hits="63" branch="True" condition-coverage="100% (4/4)">
                  <conditions>
                    <condition number="318" type="jump" coverage="100%" />
                    <condition number="335" type="jump" coverage="100%" />
                  </conditions>
                </line>
                <line number="155" hits="63" branch="False" />
                <line number="156" hits="63" branch="False" />
                <line number="159" hits="63" branch="False" />
                <line number="160" hits="63" branch="False" />
                <line number="161" hits="63" branch="False" />
                <line number="162" hits="63" branch="False" />
                <line number="163" hits="63" branch="False" />
                <line number="164" hits="63" branch="False" />
                <line number="167" hits="63" branch="False" />
                <line number="168" hits="63" branch="False" />
                <line number="169" hits="63" branch="False" />
                <line number="170" hits="63" branch="True" condition-coverage="100% (4/4)">
                  <conditions>
                    <condition number="536" type="jump" coverage="100%" />
                    <condition number="558" type="jump" coverage="100%" />
                  </conditions>
                </line>
                <line number="172" hits="9" branch="False" />
                <line number="173" hits="9" branch="True" condition-coverage="85.71% (6/7)">
                  <conditions>
                    <condition number="595" type="switch" coverage="85.71%" />
                  </conditions>
                </line>
                <line number="174" hits="9" branch="False" />
                <line number="175" hits="1" branch="False" />
                <line number="176" hits="2" branch="False" />
                <line number="177" hits="1" branch="False" />
                <line number="178" hits="3" branch="False" />
                <line number="179" hits="1" branch="False" />
                <line number="180" hits="1" branch="False" />
                <line number="181" hits="0" branch="False" />
                <line number="182" hits="9" branch="False" />
                <line number="185" hits="63" branch="False" />
                <line number="188" hits="41" branch="False" />
              </lines>
            </method>
            <method name="GenerateSource" signature="(Microsoft.CodeAnalysis.SourceProductionContext,NotifyGen.Generator.ClassInfo)" line-rate="1" branch-rate="1" complexity="18">
              <lines>
                <line number="196" hits="41" branch="True" condition-coverage="100% (2/2)">
                  <conditions>
                    <condition number="16" type="jump" coverage="100%" />
                  </conditions>
                </line>
                <line number="197" hits="1" branch="False" />
                <line number="199" hits="40" branch="False" />
                <line number="200" hits="40" branch="False" />
                <line number="201" hits="40" branch="False" />
                <line number="202" hits="40" branch="False" />
                <line number="203" hits="40" branch="False" />
                <line number="204" hits="40" branch="False" />
                <line number="205" hits="40" branch="False" />
                <line number="206" hits="40" branch="False" />
                <line number="208" hits="40" branch="False" />
                <line number="209" hits="40" branch="True" condition-coverage="100% (2/2)">
                  <conditions>
                    <condition number="116" type="jump" coverage="100%" />
                  </conditions>
                </line>
                <line number="211" hits="39" branch="False" />
                <line number="212" hits="39" branch="False" />
                <line number="215" hits="40" branch="True" condition-coverage="100% (2/2)">
                  <conditions>
                    <condition number="155" type="jump" coverage="100%" />
                  </conditions>
                </line>
                <line number="218" hits="40" branch="True" condition-coverage="100% (2/2)">
                  <conditions>
                    <condition number="177" type="jump" coverage="100%" />
                  </conditions>
                </line>
                <line number="219" hits="40" branch="False" />
                <line number="220" hits="40" branch="False" />
                <line number="223" hits="40" branch="True" condition-coverage="100% (2/2)">
                  <conditions>
                    <condition number="281" type="jump" coverage="100%" />
                  </conditions>
                </line>
                <line number="225" hits="39" branch="False" />
                <line number="226" hits="39" branch="False" />
                <line number="230" hits="206" branch="True" condition-coverage="100% (2/2)">
                  <conditions>
                    <condition number="360" type="jump" coverage="100%" />
                  </conditions>
                </line>
                <line number="232" hits="63" branch="False" />
                <line number="233" hits="63" branch="False" />
                <line number="237" hits="40" branch="True" condition-coverage="100% (2/2)">
                  <conditions>
                    <condition number="369" type="jump" coverage="100%" />
                  </conditions>
                </line>
                <line number="239" hits="39" branch="False" />
                <line number="240" hits="39" branch="False" />
                <line number="241" hits="39" branch="False" />
                <line number="242" hits="39" branch="False" />
                <line number="243" hits="39" branch="False" />
                <line number="247" hits="206" branch="True" condition-coverage="100% (2/2)">
                  <conditions>
                    <condition number="600" type="jump" coverage="100%" />
                  </conditions>
                </line>
                <line number="249" hits="63" branch="False" />
                <line number="250" hits="63" branch="False" />
                <line number="253" hits="40" branch="False" />
                <line number="255" hits="40" branch="True" condition-coverage="100% (2/2)">
                  <conditions>
                    <condition number="624" type="jump" coverage="100%" />
                  </conditions>
                </line>
                <line number="257" hits="39" branch="False" />
                <line number="260" hits="40" branch="False" />
                <line number="261" hits="40" branch="False" />
                <line number="262" hits="40" branch="False" />
              </lines>
            </method>
            <method name="GenerateProperty" signature="(System.Text.StringBuilder,NotifyGen.Generator.FieldInfo,System.String)" line-rate="1" branch-rate="1" complexity="4">
              <lines>
                <line number="269" hits="63" branch="False" />
                <line number="270" hits="63" branch="False" />
                <line number="271" hits="63" branch="False" />
                <line number="272" hits="63" branch="True" condition-coverage="100% (2/2)">
                  <conditions>
                    <condition number="113" type="jump" coverage="100%" />
                  </conditions>
                </line>
                <line number="273" hits="63" branch="False" />
                <line number="274" hits="63" branch="False" />
                <line number="275" hits="63" branch="False" />
                <line number="276" hits="63" branch="False" />
                <line number="277" hits="63" branch="False" />
                <line number="278" hits="63" branch="False" />
                <line number="281" hits="138" branch="True" condition-coverage="100% (2/2)">
                  <conditions>
                    <condition number="419" type="jump" coverage="100%" />
                  </conditions>
                </line>
                <line number="283" hits="6" branch="False" />
                <line number="286" hits="63" branch="False" />
                <line number="287" hits="63" branch="False" />
                <line number="288" hits="63" branch="False" />
                <line number="289" hits="63" branch="False" />
              </lines>
            </method>
          </methods>
          <lines>
            <line number="30" hits="40" branch="False" />
            <line number="31" hits="40" branch="False" />
            <line number="32" hits="40" branch="False" />
            <line number="33" hits="40" branch="False" />
            <line number="34" hits="40" branch="False" />
            <line number="35" hits="40" branch="False" />
            <line number="38" hits="40" branch="True" condition-coverage="100% (2/2)">
              <conditions>
                <condition number="159" type="jump" coverage="100%" />
              </conditions>
            </line>
            <line number="39" hits="40" branch="False" />
            <line number="46" hits="901" branch="True" condition-coverage="100% (4/4)">
              <conditions>
                <condition number="8" type="jump" coverage="100%" />
                <condition number="25" type="jump" coverage="100%" />
              </conditions>
            </line>
            <line number="47" hits="901" branch="False" />
            <line number="48" hits="901" branch="False" />
            <line number="56" hits="41" branch="False" />
            <line number="57" hits="41" branch="False" />
            <line number="60" hits="41" branch="True" condition-coverage="50% (1/2)">
              <conditions>
                <condition number="31" type="jump" coverage="50%" />
              </conditions>
            </line>
            <line number="61" hits="0" branch="False" />
            <line number="64" hits="41" branch="False" />
            <line number="65" hits="41" branch="False" />
            <line number="67" hits="41" branch="True" condition-coverage="50% (1/2)">
              <conditions>
                <condition number="86" type="jump" coverage="50%" />
              </conditions>
            </line>
            <line number="68" hits="0" branch="False" />
            <line number="71" hits="41" branch="False" />
            <line number="72" hits="41" branch="False" />
            <line number="73" hits="41" branch="True" condition-coverage="50% (1/2)">
              <conditions>
                <condition number="117" type="jump" coverage="50%" />
              </conditions>
            </line>
            <line number="74" hits="41" branch="False" />
            <line number="77" hits="41" branch="False" />
            <line number="80" hits="41" branch="True" condition-coverage="28.57% (2/7)">
              <conditions>
                <condition number="167" type="switch" coverage="28.57%" />
              </conditions>
            </line>
            <line number="81" hits="41" branch="False" />
            <line number="82" hits="40" branch="False" />
            <line number="83" hits="1" branch="False" />
            <line number="84" hits="0" branch="False" />
            <line number="85" hits="0" branch="False" />
            <line number="86" hits="0" branch="False" />
            <line number="87" hits="0" branch="False" />
            <line number="88" hits="0" branch="False" />
            <line number="89" hits="41" branch="False" />
            <line number="92" hits="41" branch="False" />
            <line number="93" hits="41" branch="True" condition-coverage="100% (4/4)">
              <conditions>
                <condition number="273" type="jump" coverage="100%" />
                <condition number="282" type="jump" coverage="100%" />
              </conditions>
            </line>
            <line number="94" hits="41" branch="False" />
            <line number="95" hits="41" branch="False" />
            <line number="98" hits="41" branch="True" condition-coverage="100% (2/2)">
              <conditions>
                <condition number="315" type="jump" coverage="100%" />
              </conditions>
            </line>
            <line number="99" hits="41" branch="False" />
            <line number="100" hits="41" branch="False" />
            <line number="102" hits="41" branch="False" />
            <line number="103" hits="41" branch="False" />
            <line number="104" hits="41" branch="False" />
            <line number="105" hits="41" branch="False" />
            <line number="106" hits="41" branch="False" />
            <line number="107" hits="41" branch="False" />
            <line number="108" hits="41" branch="False" />
            <line number="116" hits="41" branch="False" />
            <line number="118" hits="308" branch="True" condition-coverage="100% (2/2)">
              <conditions>
                <condition number="717" type="jump" coverage="100%" />
              </conditions>
            </line>
            <line number="120" hits="113" branch="False" />
            <line number="122" hits="113" branch="True" condition-coverage="100% (2/2)">
              <conditions>
                <condition number="47" type="jump" coverage="100%" />
              </conditions>
            </line>
            <line number="126" hits="72" branch="True" condition-coverage="100% (2/2)">
              <conditions>
                <condition number="59" type="jump" coverage="100%" />
              </conditions>
            </line>
            <line number="130" hits="68" branch="True" condition-coverage="100% (4/4)">
              <conditions>
                <condition number="81" type="jump" coverage="100%" />
                <condition number="98" type="jump" coverage="100%" />
              </conditions>
            </line>
            <line number="134" hits="64" branch="True" condition-coverage="100% (2/2)">
              <conditions>
                <condition number="145" type="jump" coverage="100%" />
              </conditions>
            </line>
            <line number="135" hits="64" branch="False" />
            <line number="139" hits="63" branch="False" />
            <line number="140" hits="63" branch="False" />
            <line number="141" hits="63" branch="True" condition-coverage="100% (4/4)">
              <conditions>
                <condition number="193" type="jump" coverage="100%" />
                <condition number="224" type="jump" coverage="100%" />
              </conditions>
            </line>
            <line number="142" hits="63" branch="False" />
            <line number="145" hits="63" branch="False" />
            <line number="146" hits="63" branch="False" />
            <line number="147" hits="63" branch="False" />
            <line number="148" hits="63" branch="False" />
            <line number="149" hits="63" branch="False" />
            <line number="150" hits="63" branch="False" />
            <line number="151" hits="63" branch="False" />
            <line number="154" hits="63" branch="True" condition-coverage="100% (4/4)">
              <conditions>
                <condition number="318" type="jump" coverage="100%" />
                <condition number="335" type="jump" coverage="100%" />
              </conditions>
            </line>
            <line number="155" hits="63" branch="False" />
            <line number="156" hits="63" branch="False" />
            <line number="159" hits="63" branch="False" />
            <line number="160" hits="63" branch="False" />
            <line number="161" hits="63" branch="False" />
            <line number="162" hits="63" branch="False" />
            <line number="163" hits="63" branch="False" />
            <line number="164" hits="63" branch="False" />
            <line number="167" hits="63" branch="False" />
            <line number="168" hits="63" branch="False" />
            <line number="169" hits="63" branch="False" />
            <line number="170" hits="63" branch="True" condition-coverage="100% (4/4)">
              <conditions>
                <condition number="536" type="jump" coverage="100%" />
                <condition number="558" type="jump" coverage="100%" />
              </conditions>
            </line>
            <line number="172" hits="9" branch="False" />
            <line number="173" hits="9" branch="True" condition-coverage="85.71% (6/7)">
              <conditions>
                <condition number="595" type="switch" coverage="85.71%" />
              </conditions>
            </line>
            <line number="174" hits="9" branch="False" />
            <line number="175" hits="1" branch="False" />
            <line number="176" hits="2" branch="False" />
            <line number="177" hits="1" branch="False" />
            <line number="178" hits="3" branch="False" />
            <line number="179" hits="1" branch="False" />
            <line number="180" hits="1" branch="False" />
            <line number="181" hits="0" branch="False" />
            <line number="182" hits="9" branch="False" />
            <line number="185" hits="63" branch="False" />
            <line number="188" hits="41" branch="False" />
            <line number="196" hits="41" branch="True" condition-coverage="100% (2/2)">
              <conditions>
                <condition number="16" type="jump" coverage="100%" />
              </conditions>
            </line>
            <line number="197" hits="1" branch="False" />
            <line number="199" hits="40" branch="False" />
            <line number="200" hits="40" branch="False" />
            <line number="201" hits="40" branch="False" />
            <line number="202" hits="40" branch="False" />
            <line number="203" hits="40" branch="False" />
            <line number="204" hits="40" branch="False" />
            <line number="205" hits="40" branch="False" />
            <line number="206" hits="40" branch="False" />
            <line number="208" hits="40" branch="False" />
            <line number="209" hits="40" branch="True" condition-coverage="100% (2/2)">
              <conditions>
                <condition number="116" type="jump" coverage="100%" />
              </conditions>
            </line>
            <line number="211" hits="39" branch="False" />
            <line number="212" hits="39" branch="False" />
            <line number="215" hits="40" branch="True" condition-coverage="100% (2/2)">
              <conditions>
                <condition number="155" type="jump" coverage="100%" />
              </conditions>
            </line>
            <line number="218" hits="40" branch="True" condition-coverage="100% (2/2)">
              <conditions>
                <condition number="177" type="jump" coverage="100%" />
              </conditions>
            </line>
            <line number="219" hits="40" branch="False" />
            <line number="220" hits="40" branch="False" />
            <line number="223" hits="40" branch="True" condition-coverage="100% (2/2)">
              <conditions>
                <condition number="281" type="jump" coverage="100%" />
              </conditions>
            </line>
            <line number="225" hits="39" branch="False" />
            <line number="226" hits="39" branch="False" />
            <line number="230" hits="206" branch="True" condition-coverage="100% (2/2)">
              <conditions>
                <condition number="360" type="jump" coverage="100%" />
              </conditions>
            </line>
            <line number="232" hits="63" branch="False" />
            <line number="233" hits="63" branch="False" />
            <line number="237" hits="40" branch="True" condition-coverage="100% (2/2)">
              <conditions>
                <condition number="369" type="jump" coverage="100%" />
              </conditions>
            </line>
            <line number="239" hits="39" branch="False" />
            <line number="240" hits="39" branch="False" />
            <line number="241" hits="39" branch="False" />
            <line number="242" hits="39" branch="False" />
            <line number="243" hits="39" branch="False" />
            <line number="247" hits="206" branch="True" condition-coverage="100% (2/2)">
              <conditions>
                <condition number="600" type="jump" coverage="100%" />
              </conditions>
            </line>
            <line number="249" hits="63" branch="False" />
            <line number="250" hits="63" branch="False" />
            <line number="253" hits="40" branch="False" />
            <line number="255" hits="40" branch="True" condition-coverage="100% (2/2)">
              <conditions>
                <condition number="624" type="jump" coverage="100%" />
              </conditions>
            </line>
            <line number="257" hits="39" branch="False" />
            <line number="260" hits="40" branch="False" />
            <line number="261" hits="40" branch="False" />
            <line number="262" hits="40" branch="False" />
            <line number="269" hits="63" branch="False" />
            <line number="270" hits="63" branch="False" />
            <line number="271" hits="63" branch="False" />
            <line number="272" hits="63" branch="True" condition-coverage="100% (2/2)">
              <conditions>
                <condition number="113" type="jump" coverage="100%" />
              </conditions>
            </line>
            <line number="273" hits="63" branch="False" />
            <line number="274" hits="63" branch="False" />
            <line number="275" hits="63" branch="False" />
            <line number="276" hits="63" branch="False" />
            <line number="277" hits="63" branch="False" />
            <line number="278" hits="63" branch="False" />
            <line number="281" hits="138" branch="True" condition-coverage="100% (2/2)">
              <conditions>
                <condition number="419" type="jump" coverage="100%" />
              </conditions>
            </line>
            <line number="283" hits="6" branch="False" />
            <line number="286" hits="63" branch="False" />
            <line number="287" hits="63" branch="False" />
            <line number="288" hits="63" branch="False" />
            <line number="289" hits="63" branch="False" />
          </lines>
        </class>
      </classes>
    </package>
  </packages>
</coverage>